ARM GAS  /tmp/cc82i7PZ.s 			page 1


   1              		.cpu cortex-m4
   2              		.eabi_attribute 27, 1
   3              		.eabi_attribute 28, 1
   4              		.eabi_attribute 20, 1
   5              		.eabi_attribute 21, 1
   6              		.eabi_attribute 23, 3
   7              		.eabi_attribute 24, 1
   8              		.eabi_attribute 25, 1
   9              		.eabi_attribute 26, 1
  10              		.eabi_attribute 30, 2
  11              		.eabi_attribute 34, 1
  12              		.eabi_attribute 18, 4
  13              		.file	"dma.c"
  14              		.text
  15              		.section	.text.MX_DMA_Init,"ax",%progbits
  16              		.align	1
  17              		.p2align 2,,3
  18              		.global	MX_DMA_Init
  19              		.arch armv7e-m
  20              		.syntax unified
  21              		.thumb
  22              		.thumb_func
  23              		.fpu fpv4-sp-d16
  25              	MX_DMA_Init:
  26              		@ args = 0, pretend = 0, frame = 8
  27              		@ frame_needed = 0, uses_anonymous_args = 0
  28 0000 0B4B     		ldr	r3, .L4
  29 0002 00B5     		push	{lr}
  30 0004 996C     		ldr	r1, [r3, #72]
  31 0006 41F00101 		orr	r1, r1, #1
  32 000a 9964     		str	r1, [r3, #72]
  33 000c 9B6C     		ldr	r3, [r3, #72]
  34 000e 83B0     		sub	sp, sp, #12
  35 0010 0022     		movs	r2, #0
  36 0012 03F00103 		and	r3, r3, #1
  37 0016 0193     		str	r3, [sp, #4]
  38 0018 1120     		movs	r0, #17
  39 001a 1146     		mov	r1, r2
  40 001c 019B     		ldr	r3, [sp, #4]
  41 001e FFF7FEFF 		bl	HAL_NVIC_SetPriority
  42 0022 1120     		movs	r0, #17
  43 0024 03B0     		add	sp, sp, #12
  44              		@ sp needed
  45 0026 5DF804EB 		ldr	lr, [sp], #4
  46 002a FFF7FEBF 		b	HAL_NVIC_EnableIRQ
  47              	.L5:
  48 002e 00BF     		.align	2
  49              	.L4:
  50 0030 00100240 		.word	1073876992
  52              		.ident	"GCC: (Arch Repository) 11.2.0"
ARM GAS  /tmp/cc82i7PZ.s 			page 2


DEFINED SYMBOLS
                            *ABS*:0000000000000000 dma.c
     /tmp/cc82i7PZ.s:16     .text.MX_DMA_Init:0000000000000000 $t
     /tmp/cc82i7PZ.s:25     .text.MX_DMA_Init:0000000000000000 MX_DMA_Init
     /tmp/cc82i7PZ.s:50     .text.MX_DMA_Init:0000000000000030 $d

UNDEFINED SYMBOLS
HAL_NVIC_SetPriority
HAL_NVIC_EnableIRQ
