ARM GAS  /tmp/ccl9PjIi.s 			page 1


   1              		.cpu cortex-m4
   2              		.eabi_attribute 27, 1
   3              		.eabi_attribute 28, 1
   4              		.eabi_attribute 20, 1
   5              		.eabi_attribute 21, 1
   6              		.eabi_attribute 23, 3
   7              		.eabi_attribute 24, 1
   8              		.eabi_attribute 25, 1
   9              		.eabi_attribute 26, 1
  10              		.eabi_attribute 30, 2
  11              		.eabi_attribute 34, 1
  12              		.eabi_attribute 18, 4
  13              		.file	"gpio.c"
  14              		.text
  15              		.section	.text.MX_GPIO_Init,"ax",%progbits
  16              		.align	1
  17              		.p2align 2,,3
  18              		.global	MX_GPIO_Init
  19              		.arch armv7e-m
  20              		.syntax unified
  21              		.thumb
  22              		.thumb_func
  23              		.fpu fpv4-sp-d16
  25              	MX_GPIO_Init:
  26              		@ args = 0, pretend = 0, frame = 40
  27              		@ frame_needed = 0, uses_anonymous_args = 0
  28 0000 10B5     		push	{r4, lr}
  29 0002 0024     		movs	r4, #0
  30 0004 8AB0     		sub	sp, sp, #40
  31 0006 CDE90444 		strd	r4, r4, [sp, #16]
  32 000a CDE90644 		strd	r4, r4, [sp, #24]
  33 000e 234B     		ldr	r3, .L4
  34 0010 0894     		str	r4, [sp, #32]
  35 0012 D96C     		ldr	r1, [r3, #76]
  36 0014 41F00401 		orr	r1, r1, #4
  37 0018 D964     		str	r1, [r3, #76]
  38 001a D96C     		ldr	r1, [r3, #76]
  39 001c 01F00401 		and	r1, r1, #4
  40 0020 0091     		str	r1, [sp]
  41 0022 0099     		ldr	r1, [sp]
  42 0024 D96C     		ldr	r1, [r3, #76]
  43 0026 41F08001 		orr	r1, r1, #128
  44 002a D964     		str	r1, [r3, #76]
  45 002c D96C     		ldr	r1, [r3, #76]
  46 002e 01F08001 		and	r1, r1, #128
  47 0032 0191     		str	r1, [sp, #4]
  48 0034 0199     		ldr	r1, [sp, #4]
  49 0036 D96C     		ldr	r1, [r3, #76]
  50 0038 41F00101 		orr	r1, r1, #1
  51 003c D964     		str	r1, [r3, #76]
  52 003e D96C     		ldr	r1, [r3, #76]
  53 0040 01F00101 		and	r1, r1, #1
  54 0044 0291     		str	r1, [sp, #8]
  55 0046 0299     		ldr	r1, [sp, #8]
  56 0048 D96C     		ldr	r1, [r3, #76]
  57 004a 41F00201 		orr	r1, r1, #2
  58 004e D964     		str	r1, [r3, #76]
ARM GAS  /tmp/ccl9PjIi.s 			page 2


  59 0050 DB6C     		ldr	r3, [r3, #76]
  60 0052 03F00203 		and	r3, r3, #2
  61 0056 2246     		mov	r2, r4
  62 0058 0393     		str	r3, [sp, #12]
  63 005a 4FF48461 		mov	r1, #1056
  64 005e 4FF09040 		mov	r0, #1207959552
  65 0062 039B     		ldr	r3, [sp, #12]
  66 0064 FFF7FEFF 		bl	HAL_GPIO_WritePin
  67 0068 04A9     		add	r1, sp, #16
  68 006a 4FF40052 		mov	r2, #8192
  69 006e 4FF40413 		mov	r3, #2162688
  70 0072 0B48     		ldr	r0, .L4+4
  71 0074 0694     		str	r4, [sp, #24]
  72 0076 CDE90423 		strd	r2, [sp, #16]
  73 007a FFF7FEFF 		bl	HAL_GPIO_Init
  74 007e 4FF48462 		mov	r2, #1056
  75 0082 0123     		movs	r3, #1
  76 0084 04A9     		add	r1, sp, #16
  77 0086 4FF09040 		mov	r0, #1207959552
  78 008a CDE90423 		strd	r2, r3, [sp, #16]
  79 008e CDE90644 		strd	r4, r4, [sp, #24]
  80 0092 FFF7FEFF 		bl	HAL_GPIO_Init
  81 0096 0AB0     		add	sp, sp, #40
  82              		@ sp needed
  83 0098 10BD     		pop	{r4, pc}
  84              	.L5:
  85 009a 00BF     		.align	2
  86              	.L4:
  87 009c 00100240 		.word	1073876992
  88 00a0 00080048 		.word	1207961600
  90              		.ident	"GCC: (Arch Repository) 11.2.0"
ARM GAS  /tmp/ccl9PjIi.s 			page 3


DEFINED SYMBOLS
                            *ABS*:0000000000000000 gpio.c
     /tmp/ccl9PjIi.s:16     .text.MX_GPIO_Init:0000000000000000 $t
     /tmp/ccl9PjIi.s:25     .text.MX_GPIO_Init:0000000000000000 MX_GPIO_Init
     /tmp/ccl9PjIi.s:87     .text.MX_GPIO_Init:000000000000009c $d

UNDEFINED SYMBOLS
HAL_GPIO_WritePin
HAL_GPIO_Init
