ARM GAS  /tmp/ccbOSaNo.s 			page 1


   1              		.cpu cortex-m4
   2              		.eabi_attribute 27, 1
   3              		.eabi_attribute 28, 1
   4              		.eabi_attribute 20, 1
   5              		.eabi_attribute 21, 1
   6              		.eabi_attribute 23, 3
   7              		.eabi_attribute 24, 1
   8              		.eabi_attribute 25, 1
   9              		.eabi_attribute 26, 1
  10              		.eabi_attribute 30, 2
  11              		.eabi_attribute 34, 1
  12              		.eabi_attribute 18, 4
  13              		.file	"stm32l4xx_hal_exti.c"
  14              		.text
  15              		.section	.text.HAL_EXTI_SetConfigLine,"ax",%progbits
  16              		.align	1
  17              		.p2align 2,,3
  18              		.global	HAL_EXTI_SetConfigLine
  19              		.arch armv7e-m
  20              		.syntax unified
  21              		.thumb
  22              		.thumb_func
  23              		.fpu fpv4-sp-d16
  25              	HAL_EXTI_SetConfigLine:
  26              		@ args = 0, pretend = 0, frame = 0
  27              		@ frame_needed = 0, uses_anonymous_args = 0
  28              		@ link register save eliminated.
  29 0000 0028     		cmp	r0, #0
  30 0002 3CD0     		beq	.L15
  31 0004 0029     		cmp	r1, #0
  32 0006 3AD0     		beq	.L15
  33 0008 0A68     		ldr	r2, [r1]
  34 000a F0B4     		push	{r4, r5, r6, r7}
  35 000c 4FF0010C 		mov	ip, #1
  36 0010 02F01F04 		and	r4, r2, #31
  37 0014 C2F30043 		ubfx	r3, r2, #16, #1
  38 0018 9501     		lsls	r5, r2, #6
  39 001a 0260     		str	r2, [r0]
  40 001c 4FEA4313 		lsl	r3, r3, #5
  41 0020 0CFA04F0 		lsl	r0, ip, r4
  42 0024 15D5     		bpl	.L4
  43 0026 214E     		ldr	r6, .L22
  44 0028 8F68     		ldr	r7, [r1, #8]
  45 002a 9D59     		ldr	r5, [r3, r6]
  46 002c FF07     		lsls	r7, r7, #31
  47 002e 4CBF     		ite	mi
  48 0030 0543     		orrmi	r5, r5, r0
  49 0032 8543     		bicpl	r5, r5, r0
  50 0034 9D51     		str	r5, [r3, r6]
  51 0036 1E4E     		ldr	r6, .L22+4
  52 0038 8F68     		ldr	r7, [r1, #8]
  53 003a 9D59     		ldr	r5, [r3, r6]
  54 003c BF07     		lsls	r7, r7, #30
  55 003e 4CBF     		ite	mi
  56 0040 0543     		orrmi	r5, r5, r0
  57 0042 8543     		bicpl	r5, r5, r0
  58 0044 9D51     		str	r5, [r3, r6]
ARM GAS  /tmp/ccbOSaNo.s 			page 2


  59 0046 0D68     		ldr	r5, [r1]
  60 0048 05F0C06C 		and	ip, r5, #100663296
  61 004c BCF1C06F 		cmp	ip, #100663296
  62 0050 17D0     		beq	.L21
  63              	.L4:
  64 0052 03F18042 		add	r2, r3, #1073741824
  65 0056 02F58232 		add	r2, r2, #66560
  66 005a 4D68     		ldr	r5, [r1, #4]
  67 005c 1468     		ldr	r4, [r2]
  68 005e ED07     		lsls	r5, r5, #31
  69 0060 4CBF     		ite	mi
  70 0062 0443     		orrmi	r4, r4, r0
  71 0064 8443     		bicpl	r4, r4, r0
  72 0066 1460     		str	r4, [r2]
  73 0068 124C     		ldr	r4, .L22+8
  74 006a 4968     		ldr	r1, [r1, #4]
  75 006c 1A59     		ldr	r2, [r3, r4]
  76 006e 8907     		lsls	r1, r1, #30
  77 0070 4CBF     		ite	mi
  78 0072 0243     		orrmi	r2, r2, r0
  79 0074 8243     		bicpl	r2, r2, r0
  80 0076 1A51     		str	r2, [r3, r4]
  81 0078 0020     		movs	r0, #0
  82 007a F0BC     		pop	{r4, r5, r6, r7}
  83 007c 7047     		bx	lr
  84              	.L15:
  85 007e 0120     		movs	r0, #1
  86 0080 7047     		bx	lr
  87              	.L21:
  88 0082 04F01C04 		and	r4, r4, #28
  89 0086 04F18044 		add	r4, r4, #1073741824
  90 008a 04F58034 		add	r4, r4, #65536
  91 008e CD68     		ldr	r5, [r1, #12]
  92 0090 A668     		ldr	r6, [r4, #8]
  93 0092 02F00302 		and	r2, r2, #3
  94 0096 9200     		lsls	r2, r2, #2
  95 0098 4FF0070C 		mov	ip, #7
  96 009c 9540     		lsls	r5, r5, r2
  97 009e 0CFA02F2 		lsl	r2, ip, r2
  98 00a2 26EA0202 		bic	r2, r6, r2
  99 00a6 1543     		orrs	r5, r5, r2
 100 00a8 A560     		str	r5, [r4, #8]
 101 00aa D2E7     		b	.L4
 102              	.L23:
 103              		.align	2
 104              	.L22:
 105 00ac 08040140 		.word	1073808392
 106 00b0 0C040140 		.word	1073808396
 107 00b4 04040140 		.word	1073808388
 109              		.section	.text.HAL_EXTI_GetConfigLine,"ax",%progbits
 110              		.align	1
 111              		.p2align 2,,3
 112              		.global	HAL_EXTI_GetConfigLine
 113              		.syntax unified
 114              		.thumb
 115              		.thumb_func
 116              		.fpu fpv4-sp-d16
ARM GAS  /tmp/ccbOSaNo.s 			page 3


 118              	HAL_EXTI_GetConfigLine:
 119              		@ args = 0, pretend = 0, frame = 0
 120              		@ frame_needed = 0, uses_anonymous_args = 0
 121 0000 0028     		cmp	r0, #0
 122 0002 3CD0     		beq	.L31
 123 0004 0029     		cmp	r1, #0
 124 0006 3AD0     		beq	.L31
 125 0008 0368     		ldr	r3, [r0]
 126 000a 0B60     		str	r3, [r1]
 127 000c C3F3004C 		ubfx	ip, r3, #16, #1
 128 0010 4FEA4C1C 		lsl	ip, ip, #5
 129 0014 0CF18042 		add	r2, ip, #1073741824
 130 0018 02F58232 		add	r2, r2, #66560
 131 001c 10B5     		push	{r4, lr}
 132 001e 1068     		ldr	r0, [r2]
 133 0020 204C     		ldr	r4, .L44
 134 0022 03F01F0E 		and	lr, r3, #31
 135 0026 0122     		movs	r2, #1
 136 0028 02FA0EF2 		lsl	r2, r2, lr
 137 002c 0242     		tst	r2, r0
 138 002e 14BF     		ite	ne
 139 0030 0120     		movne	r0, #1
 140 0032 0020     		moveq	r0, #0
 141 0034 4860     		str	r0, [r1, #4]
 142 0036 5CF80440 		ldr	r4, [ip, r4]
 143 003a 2242     		tst	r2, r4
 144 003c 1CBF     		itt	ne
 145 003e 40F00200 		orrne	r0, r0, #2
 146 0042 4860     		strne	r0, [r1, #4]
 147 0044 0020     		movs	r0, #0
 148 0046 C1E90200 		strd	r0, r0, [r1, #8]
 149 004a 9801     		lsls	r0, r3, #6
 150 004c 15D5     		bpl	.L42
 151 004e 1648     		ldr	r0, .L44+4
 152 0050 164C     		ldr	r4, .L44+8
 153 0052 5CF80000 		ldr	r0, [ip, r0]
 154 0056 0242     		tst	r2, r0
 155 0058 14BF     		ite	ne
 156 005a 0120     		movne	r0, #1
 157 005c 0020     		moveq	r0, #0
 158 005e 8860     		str	r0, [r1, #8]
 159 0060 5CF80440 		ldr	r4, [ip, r4]
 160 0064 2242     		tst	r2, r4
 161 0066 18BF     		it	ne
 162 0068 40F00200 		orrne	r0, r0, #2
 163 006c 03F0C063 		and	r3, r3, #100663296
 164 0070 18BF     		it	ne
 165 0072 8860     		strne	r0, [r1, #8]
 166 0074 B3F1C06F 		cmp	r3, #100663296
 167 0078 03D0     		beq	.L43
 168              	.L42:
 169 007a 0020     		movs	r0, #0
 170 007c 10BD     		pop	{r4, pc}
 171              	.L31:
 172 007e 0120     		movs	r0, #1
 173 0080 7047     		bx	lr
 174              	.L43:
ARM GAS  /tmp/ccbOSaNo.s 			page 4


 175 0082 4FEA9E02 		lsr	r2, lr, #2
 176 0086 0A48     		ldr	r0, .L44+12
 177 0088 0232     		adds	r2, r2, #2
 178 008a 6FEA0E03 		mvn	r3, lr
 179 008e 50F82220 		ldr	r2, [r0, r2, lsl #2]
 180 0092 03F00303 		and	r3, r3, #3
 181 0096 9B00     		lsls	r3, r3, #2
 182 0098 02FA03F3 		lsl	r3, r2, r3
 183 009c 1B0E     		lsrs	r3, r3, #24
 184 009e CB60     		str	r3, [r1, #12]
 185 00a0 0020     		movs	r0, #0
 186 00a2 10BD     		pop	{r4, pc}
 187              	.L45:
 188              		.align	2
 189              	.L44:
 190 00a4 04040140 		.word	1073808388
 191 00a8 08040140 		.word	1073808392
 192 00ac 0C040140 		.word	1073808396
 193 00b0 00000140 		.word	1073807360
 195              		.section	.text.HAL_EXTI_ClearConfigLine,"ax",%progbits
 196              		.align	1
 197              		.p2align 2,,3
 198              		.global	HAL_EXTI_ClearConfigLine
 199              		.syntax unified
 200              		.thumb
 201              		.thumb_func
 202              		.fpu fpv4-sp-d16
 204              	HAL_EXTI_ClearConfigLine:
 205              		@ args = 0, pretend = 0, frame = 0
 206              		@ frame_needed = 0, uses_anonymous_args = 0
 207 0000 0028     		cmp	r0, #0
 208 0002 40D0     		beq	.L50
 209 0004 30B5     		push	{r4, r5, lr}
 210 0006 0568     		ldr	r5, [r0]
 211 0008 C5F30043 		ubfx	r3, r5, #16, #1
 212 000c 5B01     		lsls	r3, r3, #5
 213 000e 03F18041 		add	r1, r3, #1073741824
 214 0012 01F58231 		add	r1, r1, #66560
 215 0016 05F01F0C 		and	ip, r5, #31
 216 001a 0C68     		ldr	r4, [r1]
 217 001c 0122     		movs	r2, #1
 218 001e 02FA0CF2 		lsl	r2, r2, ip
 219 0022 24EA0204 		bic	r4, r4, r2
 220 0026 0C60     		str	r4, [r1]
 221 0028 184C     		ldr	r4, .L57
 222 002a 1959     		ldr	r1, [r3, r4]
 223 002c 6FEA020E 		mvn	lr, r2
 224 0030 21EA0202 		bic	r2, r1, r2
 225 0034 1A51     		str	r2, [r3, r4]
 226 0036 0268     		ldr	r2, [r0]
 227 0038 9201     		lsls	r2, r2, #6
 228 003a 0FD5     		bpl	.L55
 229 003c 144C     		ldr	r4, .L57+4
 230 003e 1549     		ldr	r1, .L57+8
 231 0040 1A59     		ldr	r2, [r3, r4]
 232 0042 0EEA0202 		and	r2, lr, r2
 233 0046 1A51     		str	r2, [r3, r4]
ARM GAS  /tmp/ccbOSaNo.s 			page 5


 234 0048 5A58     		ldr	r2, [r3, r1]
 235 004a 0EEA0202 		and	r2, lr, r2
 236 004e 5A50     		str	r2, [r3, r1]
 237 0050 0368     		ldr	r3, [r0]
 238 0052 03F0C063 		and	r3, r3, #100663296
 239 0056 B3F1C06F 		cmp	r3, #100663296
 240 005a 01D0     		beq	.L56
 241              	.L55:
 242 005c 0020     		movs	r0, #0
 243 005e 30BD     		pop	{r4, r5, pc}
 244              	.L56:
 245 0060 0CF01C0C 		and	ip, ip, #28
 246 0064 0CF1804C 		add	ip, ip, #1073741824
 247 0068 0CF5803C 		add	ip, ip, #65536
 248 006c 05F00305 		and	r5, r5, #3
 249 0070 DCF80830 		ldr	r3, [ip, #8]
 250 0074 AD00     		lsls	r5, r5, #2
 251 0076 0722     		movs	r2, #7
 252 0078 AA40     		lsls	r2, r2, r5
 253 007a 23EA0203 		bic	r3, r3, r2
 254 007e CCF80830 		str	r3, [ip, #8]
 255 0082 0020     		movs	r0, #0
 256 0084 30BD     		pop	{r4, r5, pc}
 257              	.L50:
 258 0086 0120     		movs	r0, #1
 259 0088 7047     		bx	lr
 260              	.L58:
 261 008a 00BF     		.align	2
 262              	.L57:
 263 008c 04040140 		.word	1073808388
 264 0090 08040140 		.word	1073808392
 265 0094 0C040140 		.word	1073808396
 267              		.section	.text.HAL_EXTI_RegisterCallback,"ax",%progbits
 268              		.align	1
 269              		.p2align 2,,3
 270              		.global	HAL_EXTI_RegisterCallback
 271              		.syntax unified
 272              		.thumb
 273              		.thumb_func
 274              		.fpu fpv4-sp-d16
 276              	HAL_EXTI_RegisterCallback:
 277              		@ args = 0, pretend = 0, frame = 0
 278              		@ frame_needed = 0, uses_anonymous_args = 0
 279              		@ link register save eliminated.
 280 0000 11B9     		cbnz	r1, .L61
 281 0002 4260     		str	r2, [r0, #4]
 282 0004 0846     		mov	r0, r1
 283 0006 7047     		bx	lr
 284              	.L61:
 285 0008 0120     		movs	r0, #1
 286 000a 7047     		bx	lr
 288              		.section	.text.HAL_EXTI_GetHandle,"ax",%progbits
 289              		.align	1
 290              		.p2align 2,,3
 291              		.global	HAL_EXTI_GetHandle
 292              		.syntax unified
 293              		.thumb
ARM GAS  /tmp/ccbOSaNo.s 			page 6


 294              		.thumb_func
 295              		.fpu fpv4-sp-d16
 297              	HAL_EXTI_GetHandle:
 298              		@ args = 0, pretend = 0, frame = 0
 299              		@ frame_needed = 0, uses_anonymous_args = 0
 300              		@ link register save eliminated.
 301 0000 10B1     		cbz	r0, .L64
 302 0002 0160     		str	r1, [r0]
 303 0004 0020     		movs	r0, #0
 304 0006 7047     		bx	lr
 305              	.L64:
 306 0008 0120     		movs	r0, #1
 307 000a 7047     		bx	lr
 309              		.section	.text.HAL_EXTI_IRQHandler,"ax",%progbits
 310              		.align	1
 311              		.p2align 2,,3
 312              		.global	HAL_EXTI_IRQHandler
 313              		.syntax unified
 314              		.thumb
 315              		.thumb_func
 316              		.fpu fpv4-sp-d16
 318              	HAL_EXTI_IRQHandler:
 319              		@ args = 0, pretend = 0, frame = 0
 320              		@ frame_needed = 0, uses_anonymous_args = 0
 321              		@ link register save eliminated.
 322 0000 0368     		ldr	r3, [r0]
 323 0002 C3F30042 		ubfx	r2, r3, #16, #1
 324 0006 10B4     		push	{r4}
 325 0008 5201     		lsls	r2, r2, #5
 326 000a 094C     		ldr	r4, .L73
 327 000c 0121     		movs	r1, #1
 328 000e 03F01F03 		and	r3, r3, #31
 329 0012 01FA03F3 		lsl	r3, r1, r3
 330 0016 1159     		ldr	r1, [r2, r4]
 331 0018 1942     		tst	r1, r3
 332 001a 05D0     		beq	.L65
 333 001c 4168     		ldr	r1, [r0, #4]
 334 001e 1351     		str	r3, [r2, r4]
 335 0020 11B1     		cbz	r1, .L65
 336 0022 5DF8044B 		ldr	r4, [sp], #4
 337 0026 0847     		bx	r1	@ indirect register sibling call
 338              	.L65:
 339 0028 5DF8044B 		ldr	r4, [sp], #4
 340 002c 7047     		bx	lr
 341              	.L74:
 342 002e 00BF     		.align	2
 343              	.L73:
 344 0030 14040140 		.word	1073808404
 346              		.section	.text.HAL_EXTI_GetPending,"ax",%progbits
 347              		.align	1
 348              		.p2align 2,,3
 349              		.global	HAL_EXTI_GetPending
 350              		.syntax unified
 351              		.thumb
 352              		.thumb_func
 353              		.fpu fpv4-sp-d16
 355              	HAL_EXTI_GetPending:
ARM GAS  /tmp/ccbOSaNo.s 			page 7


 356              		@ args = 0, pretend = 0, frame = 0
 357              		@ frame_needed = 0, uses_anonymous_args = 0
 358              		@ link register save eliminated.
 359 0000 0368     		ldr	r3, [r0]
 360 0002 0649     		ldr	r1, .L76
 361 0004 C3F30042 		ubfx	r2, r3, #16, #1
 362 0008 5201     		lsls	r2, r2, #5
 363 000a 03F01F03 		and	r3, r3, #31
 364 000e 5258     		ldr	r2, [r2, r1]
 365 0010 0120     		movs	r0, #1
 366 0012 9840     		lsls	r0, r0, r3
 367 0014 1040     		ands	r0, r0, r2
 368 0016 D840     		lsrs	r0, r0, r3
 369 0018 7047     		bx	lr
 370              	.L77:
 371 001a 00BF     		.align	2
 372              	.L76:
 373 001c 14040140 		.word	1073808404
 375              		.section	.text.HAL_EXTI_ClearPending,"ax",%progbits
 376              		.align	1
 377              		.p2align 2,,3
 378              		.global	HAL_EXTI_ClearPending
 379              		.syntax unified
 380              		.thumb
 381              		.thumb_func
 382              		.fpu fpv4-sp-d16
 384              	HAL_EXTI_ClearPending:
 385              		@ args = 0, pretend = 0, frame = 0
 386              		@ frame_needed = 0, uses_anonymous_args = 0
 387              		@ link register save eliminated.
 388 0000 0368     		ldr	r3, [r0]
 389 0002 C3F30042 		ubfx	r2, r3, #16, #1
 390 0006 10B4     		push	{r4}
 391 0008 0121     		movs	r1, #1
 392 000a 054C     		ldr	r4, .L80
 393 000c 03F01F03 		and	r3, r3, #31
 394 0010 5201     		lsls	r2, r2, #5
 395 0012 01FA03F3 		lsl	r3, r1, r3
 396 0016 1351     		str	r3, [r2, r4]
 397 0018 5DF8044B 		ldr	r4, [sp], #4
 398 001c 7047     		bx	lr
 399              	.L81:
 400 001e 00BF     		.align	2
 401              	.L80:
 402 0020 14040140 		.word	1073808404
 404              		.section	.text.HAL_EXTI_GenerateSWI,"ax",%progbits
 405              		.align	1
 406              		.p2align 2,,3
 407              		.global	HAL_EXTI_GenerateSWI
 408              		.syntax unified
 409              		.thumb
 410              		.thumb_func
 411              		.fpu fpv4-sp-d16
 413              	HAL_EXTI_GenerateSWI:
 414              		@ args = 0, pretend = 0, frame = 0
 415              		@ frame_needed = 0, uses_anonymous_args = 0
 416              		@ link register save eliminated.
ARM GAS  /tmp/ccbOSaNo.s 			page 8


 417 0000 0368     		ldr	r3, [r0]
 418 0002 C3F30042 		ubfx	r2, r3, #16, #1
 419 0006 10B4     		push	{r4}
 420 0008 0121     		movs	r1, #1
 421 000a 054C     		ldr	r4, .L84
 422 000c 03F01F03 		and	r3, r3, #31
 423 0010 5201     		lsls	r2, r2, #5
 424 0012 01FA03F3 		lsl	r3, r1, r3
 425 0016 1351     		str	r3, [r2, r4]
 426 0018 5DF8044B 		ldr	r4, [sp], #4
 427 001c 7047     		bx	lr
 428              	.L85:
 429 001e 00BF     		.align	2
 430              	.L84:
 431 0020 10040140 		.word	1073808400
 433              		.ident	"GCC: (Arch Repository) 11.2.0"
ARM GAS  /tmp/ccbOSaNo.s 			page 9


DEFINED SYMBOLS
                            *ABS*:0000000000000000 stm32l4xx_hal_exti.c
     /tmp/ccbOSaNo.s:16     .text.HAL_EXTI_SetConfigLine:0000000000000000 $t
     /tmp/ccbOSaNo.s:25     .text.HAL_EXTI_SetConfigLine:0000000000000000 HAL_EXTI_SetConfigLine
     /tmp/ccbOSaNo.s:105    .text.HAL_EXTI_SetConfigLine:00000000000000ac $d
     /tmp/ccbOSaNo.s:110    .text.HAL_EXTI_GetConfigLine:0000000000000000 $t
     /tmp/ccbOSaNo.s:118    .text.HAL_EXTI_GetConfigLine:0000000000000000 HAL_EXTI_GetConfigLine
     /tmp/ccbOSaNo.s:190    .text.HAL_EXTI_GetConfigLine:00000000000000a4 $d
     /tmp/ccbOSaNo.s:196    .text.HAL_EXTI_ClearConfigLine:0000000000000000 $t
     /tmp/ccbOSaNo.s:204    .text.HAL_EXTI_ClearConfigLine:0000000000000000 HAL_EXTI_ClearConfigLine
     /tmp/ccbOSaNo.s:263    .text.HAL_EXTI_ClearConfigLine:000000000000008c $d
     /tmp/ccbOSaNo.s:268    .text.HAL_EXTI_RegisterCallback:0000000000000000 $t
     /tmp/ccbOSaNo.s:276    .text.HAL_EXTI_RegisterCallback:0000000000000000 HAL_EXTI_RegisterCallback
     /tmp/ccbOSaNo.s:289    .text.HAL_EXTI_GetHandle:0000000000000000 $t
     /tmp/ccbOSaNo.s:297    .text.HAL_EXTI_GetHandle:0000000000000000 HAL_EXTI_GetHandle
     /tmp/ccbOSaNo.s:310    .text.HAL_EXTI_IRQHandler:0000000000000000 $t
     /tmp/ccbOSaNo.s:318    .text.HAL_EXTI_IRQHandler:0000000000000000 HAL_EXTI_IRQHandler
     /tmp/ccbOSaNo.s:344    .text.HAL_EXTI_IRQHandler:0000000000000030 $d
     /tmp/ccbOSaNo.s:347    .text.HAL_EXTI_GetPending:0000000000000000 $t
     /tmp/ccbOSaNo.s:355    .text.HAL_EXTI_GetPending:0000000000000000 HAL_EXTI_GetPending
     /tmp/ccbOSaNo.s:373    .text.HAL_EXTI_GetPending:000000000000001c $d
     /tmp/ccbOSaNo.s:376    .text.HAL_EXTI_ClearPending:0000000000000000 $t
     /tmp/ccbOSaNo.s:384    .text.HAL_EXTI_ClearPending:0000000000000000 HAL_EXTI_ClearPending
     /tmp/ccbOSaNo.s:402    .text.HAL_EXTI_ClearPending:0000000000000020 $d
     /tmp/ccbOSaNo.s:405    .text.HAL_EXTI_GenerateSWI:0000000000000000 $t
     /tmp/ccbOSaNo.s:413    .text.HAL_EXTI_GenerateSWI:0000000000000000 HAL_EXTI_GenerateSWI
     /tmp/ccbOSaNo.s:431    .text.HAL_EXTI_GenerateSWI:0000000000000020 $d

NO UNDEFINED SYMBOLS
