ARM GAS  /tmp/ccy0mYdn.s 			page 1


   1              		.cpu cortex-m4
   2              		.eabi_attribute 27, 1
   3              		.eabi_attribute 28, 1
   4              		.eabi_attribute 20, 1
   5              		.eabi_attribute 21, 1
   6              		.eabi_attribute 23, 3
   7              		.eabi_attribute 24, 1
   8              		.eabi_attribute 25, 1
   9              		.eabi_attribute 26, 1
  10              		.eabi_attribute 30, 2
  11              		.eabi_attribute 34, 1
  12              		.eabi_attribute 18, 4
  13              		.file	"stm32l4xx_hal_flash_ex.c"
  14              		.text
  15              		.section	.text.HAL_FLASHEx_Erase,"ax",%progbits
  16              		.align	1
  17              		.p2align 2,,3
  18              		.global	HAL_FLASHEx_Erase
  19              		.arch armv7e-m
  20              		.syntax unified
  21              		.thumb
  22              		.thumb_func
  23              		.fpu fpv4-sp-d16
  25              	HAL_FLASHEx_Erase:
  26              		@ args = 0, pretend = 0, frame = 0
  27              		@ frame_needed = 0, uses_anonymous_args = 0
  28 0000 2DE9F047 		push	{r4, r5, r6, r7, r8, r9, r10, lr}
  29 0004 5E4F     		ldr	r7, .L32
  30 0006 3B78     		ldrb	r3, [r7]	@ zero_extendqisi2
  31 0008 012B     		cmp	r3, #1
  32 000a 00F08880 		beq	.L19
  33 000e 0546     		mov	r5, r0
  34 0010 0124     		movs	r4, #1
  35 0012 4CF25030 		movw	r0, #50000
  36 0016 8846     		mov	r8, r1
  37 0018 3C70     		strb	r4, [r7]
  38 001a FFF7FEFF 		bl	FLASH_WaitForLastOperation
  39 001e 0646     		mov	r6, r0
  40 0020 20B1     		cbz	r0, .L29
  41              	.L3:
  42 0022 0023     		movs	r3, #0
  43 0024 3B70     		strb	r3, [r7]
  44 0026 3046     		mov	r0, r6
  45 0028 BDE8F087 		pop	{r4, r5, r6, r7, r8, r9, r10, pc}
  46              	.L29:
  47 002c 554B     		ldr	r3, .L32+4
  48 002e 7860     		str	r0, [r7, #4]
  49 0030 1A68     		ldr	r2, [r3]
  50 0032 12F4007F 		tst	r2, #512
  51 0036 1A68     		ldr	r2, [r3]
  52 0038 75D1     		bne	.L30
  53 003a 5105     		lsls	r1, r2, #21
  54 003c 40F19E80 		bpl	.L7
  55 0040 1A68     		ldr	r2, [r3]
  56 0042 22F48062 		bic	r2, r2, #1024
  57 0046 1A60     		str	r2, [r3]
  58 0048 0223     		movs	r3, #2
ARM GAS  /tmp/ccy0mYdn.s 			page 2


  59 004a 3B77     		strb	r3, [r7, #28]
  60              	.L6:
  61 004c 2B68     		ldr	r3, [r5]
  62 004e 012B     		cmp	r3, #1
  63 0050 72D0     		beq	.L31
  64 0052 4FF0FF33 		mov	r3, #-1
  65 0056 C8F80030 		str	r3, [r8]
  66 005a D5E902A3 		ldrd	r10, r3, [r5, #8]
  67 005e 5344     		add	r3, r3, r10
  68 0060 9A45     		cmp	r10, r3
  69 0062 32D2     		bcs	.L11
  70 0064 474C     		ldr	r4, .L32+4
  71 0066 DFF82091 		ldr	r9, .L32+8
  72 006a 06E0     		b	.L16
  73              	.L15:
  74 006c D5E90232 		ldrd	r3, r2, [r5, #8]
  75 0070 0AF1010A 		add	r10, r10, #1
  76 0074 1344     		add	r3, r3, r2
  77 0076 5345     		cmp	r3, r10
  78 0078 27D9     		bls	.L11
  79              	.L16:
  80 007a 6B68     		ldr	r3, [r5, #4]
  81 007c 13F0010F 		tst	r3, #1
  82 0080 6369     		ldr	r3, [r4, #20]
  83 0082 14BF     		ite	ne
  84 0084 23F40063 		bicne	r3, r3, #2048
  85 0088 43F40063 		orreq	r3, r3, #2048
  86 008c 6361     		str	r3, [r4, #20]
  87 008e 6269     		ldr	r2, [r4, #20]
  88 0090 4FEACA03 		lsl	r3, r10, #3
  89 0094 22F4FF62 		bic	r2, r2, #2040
  90 0098 03F4FF63 		and	r3, r3, #2040
  91 009c 1343     		orrs	r3, r3, r2
  92 009e 6361     		str	r3, [r4, #20]
  93 00a0 6369     		ldr	r3, [r4, #20]
  94 00a2 43F00203 		orr	r3, r3, #2
  95 00a6 6361     		str	r3, [r4, #20]
  96 00a8 6369     		ldr	r3, [r4, #20]
  97 00aa 43F48033 		orr	r3, r3, #65536
  98 00ae 6361     		str	r3, [r4, #20]
  99 00b0 4CF25030 		movw	r0, #50000
 100 00b4 FFF7FEFF 		bl	FLASH_WaitForLastOperation
 101 00b8 6369     		ldr	r3, [r4, #20]
 102 00ba 03EA0903 		and	r3, r3, r9
 103 00be 6361     		str	r3, [r4, #20]
 104 00c0 0028     		cmp	r0, #0
 105 00c2 D3D0     		beq	.L15
 106 00c4 C8F800A0 		str	r10, [r8]
 107 00c8 0646     		mov	r6, r0
 108              	.L11:
 109 00ca 3B7F     		ldrb	r3, [r7, #28]	@ zero_extendqisi2
 110 00cc 03F0FD02 		and	r2, r3, #253
 111 00d0 012A     		cmp	r2, #1
 112 00d2 DBB2     		uxtb	r3, r3
 113 00d4 10D1     		bne	.L17
 114 00d6 2B4A     		ldr	r2, .L32+4
 115 00d8 1168     		ldr	r1, [r2]
ARM GAS  /tmp/ccy0mYdn.s 			page 3


 116 00da 21F40071 		bic	r1, r1, #512
 117 00de 1160     		str	r1, [r2]
 118 00e0 1168     		ldr	r1, [r2]
 119 00e2 41F40061 		orr	r1, r1, #2048
 120 00e6 1160     		str	r1, [r2]
 121 00e8 1168     		ldr	r1, [r2]
 122 00ea 21F40061 		bic	r1, r1, #2048
 123 00ee 1160     		str	r1, [r2]
 124 00f0 1168     		ldr	r1, [r2]
 125 00f2 41F40071 		orr	r1, r1, #512
 126 00f6 1160     		str	r1, [r2]
 127              	.L17:
 128 00f8 023B     		subs	r3, r3, #2
 129 00fa 012B     		cmp	r3, #1
 130 00fc 0CD8     		bhi	.L18
 131 00fe 214B     		ldr	r3, .L32+4
 132 0100 1A68     		ldr	r2, [r3]
 133 0102 42F48052 		orr	r2, r2, #4096
 134 0106 1A60     		str	r2, [r3]
 135 0108 1A68     		ldr	r2, [r3]
 136 010a 22F48052 		bic	r2, r2, #4096
 137 010e 1A60     		str	r2, [r3]
 138 0110 1A68     		ldr	r2, [r3]
 139 0112 42F48062 		orr	r2, r2, #1024
 140 0116 1A60     		str	r2, [r3]
 141              	.L18:
 142 0118 0023     		movs	r3, #0
 143 011a 3B77     		strb	r3, [r7, #28]
 144 011c 81E7     		b	.L3
 145              	.L19:
 146 011e 0226     		movs	r6, #2
 147 0120 3046     		mov	r0, r6
 148 0122 BDE8F087 		pop	{r4, r5, r6, r7, r8, r9, r10, pc}
 149              	.L30:
 150 0126 5005     		lsls	r0, r2, #21
 151 0128 26D5     		bpl	.L5
 152 012a 1A68     		ldr	r2, [r3]
 153 012c 22F48062 		bic	r2, r2, #1024
 154 0130 1A60     		str	r2, [r3]
 155 0132 0323     		movs	r3, #3
 156 0134 3B77     		strb	r3, [r7, #28]
 157 0136 89E7     		b	.L6
 158              	.L31:
 159 0138 6B68     		ldr	r3, [r5, #4]
 160 013a DA07     		lsls	r2, r3, #31
 161 013c 04D5     		bpl	.L9
 162 013e 1149     		ldr	r1, .L32+4
 163 0140 4A69     		ldr	r2, [r1, #20]
 164 0142 42F00402 		orr	r2, r2, #4
 165 0146 4A61     		str	r2, [r1, #20]
 166              	.L9:
 167 0148 9B07     		lsls	r3, r3, #30
 168 014a 04D5     		bpl	.L10
 169 014c 0D4A     		ldr	r2, .L32+4
 170 014e 5369     		ldr	r3, [r2, #20]
 171 0150 43F40043 		orr	r3, r3, #32768
 172 0154 5361     		str	r3, [r2, #20]
ARM GAS  /tmp/ccy0mYdn.s 			page 4


 173              	.L10:
 174 0156 0B4C     		ldr	r4, .L32+4
 175 0158 6369     		ldr	r3, [r4, #20]
 176 015a 43F48033 		orr	r3, r3, #65536
 177 015e 6361     		str	r3, [r4, #20]
 178 0160 4CF25030 		movw	r0, #50000
 179 0164 FFF7FEFF 		bl	FLASH_WaitForLastOperation
 180 0168 6369     		ldr	r3, [r4, #20]
 181 016a 23F40043 		bic	r3, r3, #32768
 182 016e 23F00403 		bic	r3, r3, #4
 183 0172 0646     		mov	r6, r0
 184 0174 6361     		str	r3, [r4, #20]
 185 0176 A8E7     		b	.L11
 186              	.L5:
 187 0178 3C77     		strb	r4, [r7, #28]
 188 017a 67E7     		b	.L6
 189              	.L7:
 190 017c 3877     		strb	r0, [r7, #28]
 191 017e 65E7     		b	.L6
 192              	.L33:
 193              		.align	2
 194              	.L32:
 195 0180 00000000 		.word	pFlash
 196 0184 00200240 		.word	1073881088
 197 0188 05F8FFFF 		.word	-2043
 199              		.section	.text.HAL_FLASHEx_Erase_IT,"ax",%progbits
 200              		.align	1
 201              		.p2align 2,,3
 202              		.global	HAL_FLASHEx_Erase_IT
 203              		.syntax unified
 204              		.thumb
 205              		.thumb_func
 206              		.fpu fpv4-sp-d16
 208              	HAL_FLASHEx_Erase_IT:
 209              		@ args = 0, pretend = 0, frame = 0
 210              		@ frame_needed = 0, uses_anonymous_args = 0
 211              		@ link register save eliminated.
 212 0000 344B     		ldr	r3, .L57
 213 0002 1A78     		ldrb	r2, [r3]	@ zero_extendqisi2
 214 0004 012A     		cmp	r2, #1
 215 0006 63D0     		beq	.L45
 216 0008 30B4     		push	{r4, r5}
 217 000a 334A     		ldr	r2, .L57+4
 218 000c 0024     		movs	r4, #0
 219 000e 0121     		movs	r1, #1
 220 0010 1970     		strb	r1, [r3]
 221 0012 5C60     		str	r4, [r3, #4]
 222 0014 1468     		ldr	r4, [r2]
 223 0016 A505     		lsls	r5, r4, #22
 224 0018 2BD4     		bmi	.L56
 225 001a 1168     		ldr	r1, [r2]
 226 001c 11F48061 		ands	r1, r1, #1024
 227 0020 31D0     		beq	.L39
 228 0022 1168     		ldr	r1, [r2]
 229 0024 0224     		movs	r4, #2
 230 0026 21F48061 		bic	r1, r1, #1024
 231 002a 1160     		str	r1, [r2]
ARM GAS  /tmp/ccy0mYdn.s 			page 5


 232 002c 1C77     		strb	r4, [r3, #28]
 233              	.L38:
 234 002e 2A4A     		ldr	r2, .L57+4
 235 0030 5169     		ldr	r1, [r2, #20]
 236 0032 41F04071 		orr	r1, r1, #50331648
 237 0036 5161     		str	r1, [r2, #20]
 238 0038 0568     		ldr	r5, [r0]
 239 003a 4168     		ldr	r1, [r0, #4]
 240 003c 1961     		str	r1, [r3, #16]
 241 003e 012D     		cmp	r5, #1
 242 0040 01F00104 		and	r4, r1, #1
 243 0044 21D1     		bne	.L40
 244 0046 0220     		movs	r0, #2
 245 0048 1872     		strb	r0, [r3, #8]
 246 004a 1CB1     		cbz	r4, .L41
 247 004c 5369     		ldr	r3, [r2, #20]
 248 004e 43F00403 		orr	r3, r3, #4
 249 0052 5361     		str	r3, [r2, #20]
 250              	.L41:
 251 0054 8B07     		lsls	r3, r1, #30
 252 0056 04D5     		bpl	.L42
 253 0058 1F4A     		ldr	r2, .L57+4
 254 005a 5369     		ldr	r3, [r2, #20]
 255 005c 43F40043 		orr	r3, r3, #32768
 256 0060 5361     		str	r3, [r2, #20]
 257              	.L42:
 258 0062 1D4A     		ldr	r2, .L57+4
 259 0064 5369     		ldr	r3, [r2, #20]
 260 0066 43F48033 		orr	r3, r3, #65536
 261 006a 0020     		movs	r0, #0
 262 006c 30BC     		pop	{r4, r5}
 263 006e 5361     		str	r3, [r2, #20]
 264 0070 7047     		bx	lr
 265              	.L56:
 266 0072 1468     		ldr	r4, [r2]
 267 0074 6405     		lsls	r4, r4, #21
 268 0076 06D5     		bpl	.L39
 269 0078 1168     		ldr	r1, [r2]
 270 007a 0324     		movs	r4, #3
 271 007c 21F48061 		bic	r1, r1, #1024
 272 0080 1160     		str	r1, [r2]
 273 0082 1C77     		strb	r4, [r3, #28]
 274 0084 D3E7     		b	.L38
 275              	.L39:
 276 0086 1977     		strb	r1, [r3, #28]
 277 0088 D1E7     		b	.L38
 278              	.L40:
 279 008a 0121     		movs	r1, #1
 280 008c 1972     		strb	r1, [r3, #8]
 281 008e D0E90215 		ldrd	r1, r5, [r0, #8]
 282 0092 9D61     		str	r5, [r3, #24]
 283 0094 5961     		str	r1, [r3, #20]
 284 0096 5369     		ldr	r3, [r2, #20]
 285 0098 B4B1     		cbz	r4, .L43
 286 009a 23F40063 		bic	r3, r3, #2048
 287 009e 5361     		str	r3, [r2, #20]
 288              	.L44:
ARM GAS  /tmp/ccy0mYdn.s 			page 6


 289 00a0 0D4B     		ldr	r3, .L57+4
 290 00a2 5A69     		ldr	r2, [r3, #20]
 291 00a4 C900     		lsls	r1, r1, #3
 292 00a6 22F4FF62 		bic	r2, r2, #2040
 293 00aa 01F4FF61 		and	r1, r1, #2040
 294 00ae 1143     		orrs	r1, r1, r2
 295 00b0 5961     		str	r1, [r3, #20]
 296 00b2 5A69     		ldr	r2, [r3, #20]
 297 00b4 42F00202 		orr	r2, r2, #2
 298 00b8 5A61     		str	r2, [r3, #20]
 299 00ba 5A69     		ldr	r2, [r3, #20]
 300 00bc 42F48032 		orr	r2, r2, #65536
 301 00c0 0020     		movs	r0, #0
 302 00c2 30BC     		pop	{r4, r5}
 303 00c4 5A61     		str	r2, [r3, #20]
 304 00c6 7047     		bx	lr
 305              	.L43:
 306 00c8 43F40063 		orr	r3, r3, #2048
 307 00cc 5361     		str	r3, [r2, #20]
 308 00ce E7E7     		b	.L44
 309              	.L45:
 310 00d0 0220     		movs	r0, #2
 311 00d2 7047     		bx	lr
 312              	.L58:
 313              		.align	2
 314              	.L57:
 315 00d4 00000000 		.word	pFlash
 316 00d8 00200240 		.word	1073881088
 318              		.section	.text.HAL_FLASHEx_OBProgram,"ax",%progbits
 319              		.align	1
 320              		.p2align 2,,3
 321              		.global	HAL_FLASHEx_OBProgram
 322              		.syntax unified
 323              		.thumb
 324              		.thumb_func
 325              		.fpu fpv4-sp-d16
 327              	HAL_FLASHEx_OBProgram:
 328              		@ args = 0, pretend = 0, frame = 0
 329              		@ frame_needed = 0, uses_anonymous_args = 0
 330 0000 2DE9F843 		push	{r3, r4, r5, r6, r7, r8, r9, lr}
 331 0004 B24F     		ldr	r7, .L153
 332 0006 3B78     		ldrb	r3, [r7]	@ zero_extendqisi2
 333 0008 012B     		cmp	r3, #1
 334 000a 00F04581 		beq	.L95
 335 000e 0126     		movs	r6, #1
 336 0010 3E70     		strb	r6, [r7]
 337 0012 0368     		ldr	r3, [r0]
 338 0014 0022     		movs	r2, #0
 339 0016 13EA0605 		ands	r5, r3, r6
 340 001a 0446     		mov	r4, r0
 341 001c 7A60     		str	r2, [r7, #4]
 342 001e 40F0EF80 		bne	.L147
 343              	.L61:
 344 0022 9A07     		lsls	r2, r3, #30
 345 0024 00F1E280 		bmi	.L148
 346              	.L69:
 347 0028 5E07     		lsls	r6, r3, #29
ARM GAS  /tmp/ccy0mYdn.s 			page 7


 348 002a 60D4     		bmi	.L149
 349              	.L72:
 350 002c 1E07     		lsls	r6, r3, #28
 351 002e 59D5     		bpl	.L88
 352 0030 D4E90868 		ldrd	r6, r8, [r4, #32]
 353 0034 4645     		cmp	r6, r8
 354 0036 55D0     		beq	.L88
 355 0038 4CF25030 		movw	r0, #50000
 356 003c D4F81C90 		ldr	r9, [r4, #28]
 357 0040 FFF7FEFF 		bl	FLASH_WaitForLastOperation
 358 0044 0028     		cmp	r0, #0
 359 0046 40F0F180 		bne	.L94
 360 004a A24B     		ldr	r3, .L153+4
 361 004c 1868     		ldr	r0, [r3]
 362 004e A24B     		ldr	r3, .L153+8
 363 0050 D3F8E015 		ldr	r1, [r3, #1504]
 364 0054 C005     		lsls	r0, r0, #23
 365 0056 4FF6FF73 		movw	r3, #65535
 366 005a 8AB2     		uxth	r2, r1
 367 005c 0AD4     		bmi	.L90
 368 005e 9A42     		cmp	r2, r3
 369 0060 00F04C81 		beq	.L98
 370 0064 9D4A     		ldr	r2, .L153+12
 371 0066 02EA4122 		and	r2, r2, r1, lsl #9
 372 006a 02F10062 		add	r2, r2, #134217728
 373 006e 4FF00063 		mov	r3, #134217728
 374 0072 09E0     		b	.L91
 375              	.L90:
 376 0074 9A42     		cmp	r2, r3
 377 0076 00F04581 		beq	.L99
 378 007a 984B     		ldr	r3, .L153+12
 379 007c 03EA4123 		and	r3, r3, r1, lsl #9
 380 0080 03F10063 		add	r3, r3, #134217728
 381 0084 4FF00062 		mov	r2, #134217728
 382              	.L91:
 383 0088 09F00301 		and	r1, r9, #3
 384 008c 0129     		cmp	r1, #1
 385 008e 00F03D81 		beq	.L150
 386 0092 0229     		cmp	r1, #2
 387 0094 0ED1     		bne	.L93
 388 0096 9249     		ldr	r1, .L153+16
 389 0098 9248     		ldr	r0, .L153+20
 390 009a B61A     		subs	r6, r6, r2
 391 009c A8EB0203 		sub	r3, r8, r2
 392 00a0 4A6C     		ldr	r2, [r1, #68]
 393 00a2 0240     		ands	r2, r2, r0
 394 00a4 42EAD602 		orr	r2, r2, r6, lsr #3
 395 00a8 4A64     		str	r2, [r1, #68]
 396 00aa 8A6C     		ldr	r2, [r1, #72]
 397 00ac 0240     		ands	r2, r2, r0
 398 00ae 42EAD303 		orr	r3, r2, r3, lsr #3
 399 00b2 8B64     		str	r3, [r1, #72]
 400              	.L93:
 401 00b4 8A4C     		ldr	r4, .L153+16
 402 00b6 A36A     		ldr	r3, [r4, #40]
 403 00b8 09F00049 		and	r9, r9, #-2147483648
 404 00bc 23F00043 		bic	r3, r3, #-2147483648
ARM GAS  /tmp/ccy0mYdn.s 			page 8


 405 00c0 43EA0903 		orr	r3, r3, r9
 406 00c4 A362     		str	r3, [r4, #40]
 407 00c6 6369     		ldr	r3, [r4, #20]
 408 00c8 43F40033 		orr	r3, r3, #131072
 409 00cc 6361     		str	r3, [r4, #20]
 410 00ce 4CF25030 		movw	r0, #50000
 411 00d2 FFF7FEFF 		bl	FLASH_WaitForLastOperation
 412 00d6 6369     		ldr	r3, [r4, #20]
 413 00d8 23F40033 		bic	r3, r3, #131072
 414 00dc 6361     		str	r3, [r4, #20]
 415 00de 0028     		cmp	r0, #0
 416 00e0 40F0A480 		bne	.L94
 417              	.L88:
 418 00e4 0023     		movs	r3, #0
 419 00e6 3B70     		strb	r3, [r7]
 420 00e8 2846     		mov	r0, r5
 421 00ea BDE8F883 		pop	{r3, r4, r5, r6, r7, r8, r9, pc}
 422              	.L149:
 423 00ee 4CF25030 		movw	r0, #50000
 424 00f2 D4E90568 		ldrd	r6, r8, [r4, #20]
 425 00f6 FFF7FEFF 		bl	FLASH_WaitForLastOperation
 426 00fa 0028     		cmp	r0, #0
 427 00fc 40F09080 		bne	.L151
 428 0100 16F00103 		ands	r3, r6, #1
 429 0104 00F0CC80 		beq	.L97
 430 0108 08F4E063 		and	r3, r8, #1792
 431 010c 4FF4B851 		mov	r1, #5888
 432 0110 4FF4E062 		mov	r2, #1792
 433              	.L74:
 434 0114 B007     		lsls	r0, r6, #30
 435 0116 03D5     		bpl	.L75
 436 0118 0A46     		mov	r2, r1
 437 011a 08F48051 		and	r1, r8, #4096
 438 011e 0B43     		orrs	r3, r3, r1
 439              	.L75:
 440 0120 7107     		lsls	r1, r6, #29
 441 0122 04D5     		bpl	.L76
 442 0124 08F40051 		and	r1, r8, #8192
 443 0128 42F40052 		orr	r2, r2, #8192
 444 012c 0B43     		orrs	r3, r3, r1
 445              	.L76:
 446 012e F004     		lsls	r0, r6, #19
 447 0130 04D5     		bpl	.L77
 448 0132 08F48041 		and	r1, r8, #16384
 449 0136 42F48042 		orr	r2, r2, #16384
 450 013a 0B43     		orrs	r3, r3, r1
 451              	.L77:
 452 013c 3107     		lsls	r1, r6, #28
 453 013e 04D5     		bpl	.L78
 454 0140 08F48031 		and	r1, r8, #65536
 455 0144 42F48032 		orr	r2, r2, #65536
 456 0148 0B43     		orrs	r3, r3, r1
 457              	.L78:
 458 014a F006     		lsls	r0, r6, #27
 459 014c 04D5     		bpl	.L79
 460 014e 08F40031 		and	r1, r8, #131072
 461 0152 42F40032 		orr	r2, r2, #131072
ARM GAS  /tmp/ccy0mYdn.s 			page 9


 462 0156 0B43     		orrs	r3, r3, r1
 463              	.L79:
 464 0158 B106     		lsls	r1, r6, #26
 465 015a 04D5     		bpl	.L80
 466 015c 08F48021 		and	r1, r8, #262144
 467 0160 42F48022 		orr	r2, r2, #262144
 468 0164 0B43     		orrs	r3, r3, r1
 469              	.L80:
 470 0166 7006     		lsls	r0, r6, #25
 471 0168 04D5     		bpl	.L81
 472 016a 08F40021 		and	r1, r8, #524288
 473 016e 42F40022 		orr	r2, r2, #524288
 474 0172 0B43     		orrs	r3, r3, r1
 475              	.L81:
 476 0174 3106     		lsls	r1, r6, #24
 477 0176 04D5     		bpl	.L82
 478 0178 08F48011 		and	r1, r8, #1048576
 479 017c 42F48012 		orr	r2, r2, #1048576
 480 0180 0B43     		orrs	r3, r3, r1
 481              	.L82:
 482 0182 F005     		lsls	r0, r6, #23
 483 0184 04D5     		bpl	.L83
 484 0186 08F40011 		and	r1, r8, #2097152
 485 018a 42F40012 		orr	r2, r2, #2097152
 486 018e 0B43     		orrs	r3, r3, r1
 487              	.L83:
 488 0190 B105     		lsls	r1, r6, #22
 489 0192 04D5     		bpl	.L84
 490 0194 08F40001 		and	r1, r8, #8388608
 491 0198 42F40002 		orr	r2, r2, #8388608
 492 019c 0B43     		orrs	r3, r3, r1
 493              	.L84:
 494 019e 7005     		lsls	r0, r6, #21
 495 01a0 04D5     		bpl	.L85
 496 01a2 08F08071 		and	r1, r8, #16777216
 497 01a6 42F08072 		orr	r2, r2, #16777216
 498 01aa 0B43     		orrs	r3, r3, r1
 499              	.L85:
 500 01ac 3105     		lsls	r1, r6, #20
 501 01ae 05D5     		bpl	.L86
 502 01b0 08F00078 		and	r8, r8, #33554432
 503 01b4 43EA0803 		orr	r3, r3, r8
 504 01b8 42F00072 		orr	r2, r2, #33554432
 505              	.L86:
 506 01bc 484E     		ldr	r6, .L153+16
 507 01be 316A     		ldr	r1, [r6, #32]
 508 01c0 21EA0202 		bic	r2, r1, r2
 509 01c4 1343     		orrs	r3, r3, r2
 510 01c6 3362     		str	r3, [r6, #32]
 511 01c8 7369     		ldr	r3, [r6, #20]
 512 01ca 43F40033 		orr	r3, r3, #131072
 513 01ce 7361     		str	r3, [r6, #20]
 514 01d0 4CF25030 		movw	r0, #50000
 515 01d4 FFF7FEFF 		bl	FLASH_WaitForLastOperation
 516 01d8 7369     		ldr	r3, [r6, #20]
 517 01da 23F40033 		bic	r3, r3, #131072
 518 01de 7361     		str	r3, [r6, #20]
ARM GAS  /tmp/ccy0mYdn.s 			page 10


 519 01e0 2368     		ldr	r3, [r4]
 520 01e2 0028     		cmp	r0, #0
 521 01e4 3FF422AF 		beq	.L72
 522 01e8 0125     		movs	r5, #1
 523 01ea 1FE7     		b	.L72
 524              	.L148:
 525 01ec 4CF25030 		movw	r0, #50000
 526 01f0 D4F81080 		ldr	r8, [r4, #16]
 527 01f4 FFF7FEFF 		bl	FLASH_WaitForLastOperation
 528 01f8 D0B1     		cbz	r0, .L70
 529 01fa 2368     		ldr	r3, [r4]
 530 01fc 0125     		movs	r5, #1
 531 01fe 13E7     		b	.L69
 532              	.L147:
 533 0200 D0E90159 		ldrd	r5, r9, [r0, #4]
 534 0204 4CF25030 		movw	r0, #50000
 535 0208 D4F80C80 		ldr	r8, [r4, #12]
 536 020c FFF7FEFF 		bl	FLASH_WaitForLastOperation
 537 0210 48B9     		cbnz	r0, .L152
 538 0212 042D     		cmp	r5, #4
 539 0214 2ED8     		bhi	.L63
 540 0216 DFE805F0 		tbb	[pc, r5]
 541              	.L65:
 542 021a 67       		.byte	(.L68-.L65)/2
 543 021b 51       		.byte	(.L67-.L65)/2
 544 021c 24       		.byte	(.L66-.L65)/2
 545 021d 2D       		.byte	(.L63-.L65)/2
 546 021e 47       		.byte	(.L64-.L65)/2
 547 021f 00       		.p2align 1
 548              	.L151:
 549 0220 2368     		ldr	r3, [r4]
 550 0222 0125     		movs	r5, #1
 551 0224 02E7     		b	.L72
 552              	.L152:
 553 0226 2368     		ldr	r3, [r4]
 554 0228 3546     		mov	r5, r6
 555 022a FAE6     		b	.L61
 556              	.L94:
 557 022c 0125     		movs	r5, #1
 558 022e 59E7     		b	.L88
 559              	.L70:
 560 0230 2B4E     		ldr	r6, .L153+16
 561 0232 336A     		ldr	r3, [r6, #32]
 562 0234 23F0FF03 		bic	r3, r3, #255
 563 0238 43EA0803 		orr	r3, r3, r8
 564 023c 3362     		str	r3, [r6, #32]
 565 023e 7369     		ldr	r3, [r6, #20]
 566 0240 43F40033 		orr	r3, r3, #131072
 567 0244 7361     		str	r3, [r6, #20]
 568 0246 4CF25030 		movw	r0, #50000
 569 024a FFF7FEFF 		bl	FLASH_WaitForLastOperation
 570 024e 7369     		ldr	r3, [r6, #20]
 571 0250 23F40033 		bic	r3, r3, #131072
 572 0254 7361     		str	r3, [r6, #20]
 573 0256 2368     		ldr	r3, [r4]
 574 0258 0028     		cmp	r0, #0
 575 025a 3FF4E5AE 		beq	.L69
ARM GAS  /tmp/ccy0mYdn.s 			page 11


 576 025e 0125     		movs	r5, #1
 577 0260 E2E6     		b	.L69
 578              	.L66:
 579 0262 1F4A     		ldr	r2, .L153+16
 580 0264 D36C     		ldr	r3, [r2, #76]
 581 0266 03F0FF23 		and	r3, r3, #-16711936
 582 026a 43EA0903 		orr	r3, r3, r9
 583 026e 43EA0843 		orr	r3, r3, r8, lsl #16
 584 0272 D364     		str	r3, [r2, #76]
 585              	.L63:
 586 0274 1A4E     		ldr	r6, .L153+16
 587 0276 7369     		ldr	r3, [r6, #20]
 588 0278 43F40033 		orr	r3, r3, #131072
 589 027c 7361     		str	r3, [r6, #20]
 590 027e 4CF25030 		movw	r0, #50000
 591 0282 FFF7FEFF 		bl	FLASH_WaitForLastOperation
 592 0286 7369     		ldr	r3, [r6, #20]
 593 0288 23F40033 		bic	r3, r3, #131072
 594 028c 051E     		subs	r5, r0, #0
 595 028e 7361     		str	r3, [r6, #20]
 596 0290 2368     		ldr	r3, [r4]
 597 0292 18BF     		it	ne
 598 0294 0125     		movne	r5, #1
 599 0296 C4E6     		b	.L61
 600              	.L95:
 601 0298 0225     		movs	r5, #2
 602 029a 2846     		mov	r0, r5
 603 029c BDE8F883 		pop	{r3, r4, r5, r6, r7, r8, r9, pc}
 604              	.L97:
 605 02a0 1A46     		mov	r2, r3
 606 02a2 4FF48051 		mov	r1, #4096
 607 02a6 35E7     		b	.L74
 608              	.L64:
 609 02a8 0D4A     		ldr	r2, .L153+16
 610 02aa 136D     		ldr	r3, [r2, #80]
 611 02ac 03F0FF23 		and	r3, r3, #-16711936
 612 02b0 43EA0903 		orr	r3, r3, r9
 613 02b4 43EA0843 		orr	r3, r3, r8, lsl #16
 614 02b8 1365     		str	r3, [r2, #80]
 615 02ba DBE7     		b	.L63
 616              	.L67:
 617 02bc 084A     		ldr	r2, .L153+16
 618 02be 136B     		ldr	r3, [r2, #48]
 619 02c0 03F0FF23 		and	r3, r3, #-16711936
 620 02c4 43EA0903 		orr	r3, r3, r9
 621 02c8 43EA0843 		orr	r3, r3, r8, lsl #16
 622 02cc 1363     		str	r3, [r2, #48]
 623 02ce D1E7     		b	.L63
 624              	.L154:
 625              		.align	2
 626              	.L153:
 627 02d0 00000000 		.word	pFlash
 628 02d4 00000140 		.word	1073807360
 629 02d8 0070FF1F 		.word	536834048
 630 02dc 00FEFF01 		.word	33553920
 631 02e0 00200240 		.word	1073881088
 632 02e4 0000FFFF 		.word	-65536
ARM GAS  /tmp/ccy0mYdn.s 			page 12


 633              	.L68:
 634 02e8 104A     		ldr	r2, .L155
 635 02ea D36A     		ldr	r3, [r2, #44]
 636 02ec 03F0FF23 		and	r3, r3, #-16711936
 637 02f0 43EA0903 		orr	r3, r3, r9
 638 02f4 43EA0843 		orr	r3, r3, r8, lsl #16
 639 02f8 D362     		str	r3, [r2, #44]
 640 02fa BBE7     		b	.L63
 641              	.L98:
 642 02fc 0C4A     		ldr	r2, .L155+4
 643 02fe 4FF00063 		mov	r3, #134217728
 644 0302 C1E6     		b	.L91
 645              	.L99:
 646 0304 0A4B     		ldr	r3, .L155+4
 647 0306 4FF00062 		mov	r2, #134217728
 648 030a BDE6     		b	.L91
 649              	.L150:
 650 030c 0749     		ldr	r1, .L155
 651 030e 0948     		ldr	r0, .L155+8
 652 0310 4A6A     		ldr	r2, [r1, #36]
 653 0312 F61A     		subs	r6, r6, r3
 654 0314 0240     		ands	r2, r2, r0
 655 0316 42EAD602 		orr	r2, r2, r6, lsr #3
 656 031a 4A62     		str	r2, [r1, #36]
 657 031c 8A6A     		ldr	r2, [r1, #40]
 658 031e A8EB0303 		sub	r3, r8, r3
 659 0322 0240     		ands	r2, r2, r0
 660 0324 42EAD303 		orr	r3, r2, r3, lsr #3
 661 0328 8B62     		str	r3, [r1, #40]
 662 032a C3E6     		b	.L93
 663              	.L156:
 664              		.align	2
 665              	.L155:
 666 032c 00200240 		.word	1073881088
 667 0330 00000808 		.word	134742016
 668 0334 0000FFFF 		.word	-65536
 670              		.section	.text.HAL_FLASHEx_OBGetConfig,"ax",%progbits
 671              		.align	1
 672              		.p2align 2,,3
 673              		.global	HAL_FLASHEx_OBGetConfig
 674              		.syntax unified
 675              		.thumb
 676              		.thumb_func
 677              		.fpu fpv4-sp-d16
 679              	HAL_FLASHEx_OBGetConfig:
 680              		@ args = 0, pretend = 0, frame = 0
 681              		@ frame_needed = 0, uses_anonymous_args = 0
 682              		@ link register save eliminated.
 683 0000 4368     		ldr	r3, [r0, #4]
 684 0002 0622     		movs	r2, #6
 685 0004 022B     		cmp	r3, #2
 686 0006 0260     		str	r2, [r0]
 687 0008 18D9     		bls	.L158
 688 000a 042B     		cmp	r3, #4
 689 000c 4DD0     		beq	.L182
 690              	.L160:
 691 000e 484B     		ldr	r3, .L186
ARM GAS  /tmp/ccy0mYdn.s 			page 13


 692 0010 1B6A     		ldr	r3, [r3, #32]
 693 0012 DBB2     		uxtb	r3, r3
 694 0014 AA2B     		cmp	r3, #170
 695 0016 03D0     		beq	.L165
 696 0018 CC2B     		cmp	r3, #204
 697 001a 01D0     		beq	.L165
 698 001c BB23     		movs	r3, #187
 699 001e 02E0     		b	.L166
 700              	.L165:
 701 0020 434B     		ldr	r3, .L186
 702 0022 1B6A     		ldr	r3, [r3, #32]
 703 0024 DBB2     		uxtb	r3, r3
 704              	.L166:
 705 0026 424A     		ldr	r2, .L186
 706 0028 0361     		str	r3, [r0, #16]
 707 002a 136A     		ldr	r3, [r2, #32]
 708 002c C269     		ldr	r2, [r0, #28]
 709 002e 511E     		subs	r1, r2, #1
 710 0030 23F0FF03 		bic	r3, r3, #255
 711 0034 0129     		cmp	r1, #1
 712 0036 8361     		str	r3, [r0, #24]
 713 0038 08D9     		bls	.L183
 714 003a 7047     		bx	lr
 715              	.L158:
 716 003c 0722     		movs	r2, #7
 717 003e 013B     		subs	r3, r3, #1
 718 0040 0260     		str	r2, [r0]
 719 0042 012B     		cmp	r3, #1
 720 0044 6BD8     		bhi	.L161
 721 0046 DFE803F0 		tbb	[pc, r3]
 722              	.L163:
 723 004a 3B       		.byte	(.L164-.L163)/2
 724 004b 44       		.byte	(.L162-.L163)/2
 725              		.p2align 1
 726              	.L183:
 727 004c 0368     		ldr	r3, [r0]
 728 004e 3949     		ldr	r1, .L186+4
 729 0050 43F00803 		orr	r3, r3, #8
 730 0054 0360     		str	r3, [r0]
 731 0056 0B68     		ldr	r3, [r1]
 732 0058 13F4807F 		tst	r3, #256
 733 005c 364B     		ldr	r3, .L186+8
 734 005e D3F8E035 		ldr	r3, [r3, #1504]
 735 0062 30B4     		push	{r4, r5}
 736 0064 4FF6FF71 		movw	r1, #65535
 737 0068 9CB2     		uxth	r4, r3
 738 006a 3BD0     		beq	.L184
 739 006c 8C42     		cmp	r4, r1
 740 006e 4ED0     		beq	.L174
 741 0070 3249     		ldr	r1, .L186+12
 742 0072 4FF00064 		mov	r4, #134217728
 743 0076 01EA4321 		and	r1, r1, r3, lsl #9
 744 007a 2144     		add	r1, r1, r4
 745              	.L169:
 746 007c 012A     		cmp	r2, #1
 747 007e 2C4D     		ldr	r5, .L186
 748 0080 39D0     		beq	.L185
ARM GAS  /tmp/ccy0mYdn.s 			page 14


 749 0082 696C     		ldr	r1, [r5, #68]
 750 0084 2E4B     		ldr	r3, .L186+16
 751 0086 03EAC101 		and	r1, r3, r1, lsl #3
 752 008a 2144     		add	r1, r1, r4
 753 008c 0162     		str	r1, [r0, #32]
 754 008e A96C     		ldr	r1, [r5, #72]
 755 0090 03EAC103 		and	r3, r3, r1, lsl #3
 756 0094 0733     		adds	r3, r3, #7
 757 0096 2344     		add	r3, r3, r4
 758              	.L171:
 759 0098 2549     		ldr	r1, .L186
 760 009a 4362     		str	r3, [r0, #36]
 761 009c 8B6A     		ldr	r3, [r1, #40]
 762 009e 03F00043 		and	r3, r3, #-2147483648
 763 00a2 1343     		orrs	r3, r3, r2
 764 00a4 30BC     		pop	{r4, r5}
 765 00a6 C361     		str	r3, [r0, #28]
 766 00a8 7047     		bx	lr
 767              	.L182:
 768 00aa 214A     		ldr	r2, .L186
 769 00ac 0723     		movs	r3, #7
 770 00ae 0360     		str	r3, [r0]
 771 00b0 136D     		ldr	r3, [r2, #80]
 772 00b2 DBB2     		uxtb	r3, r3
 773 00b4 8360     		str	r3, [r0, #8]
 774 00b6 136D     		ldr	r3, [r2, #80]
 775 00b8 C3F30743 		ubfx	r3, r3, #16, #8
 776 00bc C360     		str	r3, [r0, #12]
 777 00be A6E7     		b	.L160
 778              	.L164:
 779 00c0 1B4A     		ldr	r2, .L186
 780 00c2 136B     		ldr	r3, [r2, #48]
 781 00c4 DBB2     		uxtb	r3, r3
 782 00c6 8360     		str	r3, [r0, #8]
 783 00c8 136B     		ldr	r3, [r2, #48]
 784 00ca C3F30743 		ubfx	r3, r3, #16, #8
 785 00ce C360     		str	r3, [r0, #12]
 786 00d0 9DE7     		b	.L160
 787              	.L162:
 788 00d2 174A     		ldr	r2, .L186
 789 00d4 D36C     		ldr	r3, [r2, #76]
 790 00d6 DBB2     		uxtb	r3, r3
 791 00d8 8360     		str	r3, [r0, #8]
 792 00da D36C     		ldr	r3, [r2, #76]
 793 00dc C3F30743 		ubfx	r3, r3, #16, #8
 794 00e0 C360     		str	r3, [r0, #12]
 795 00e2 94E7     		b	.L160
 796              	.L184:
 797 00e4 8C42     		cmp	r4, r1
 798 00e6 16D0     		beq	.L173
 799 00e8 144C     		ldr	r4, .L186+12
 800 00ea 4FF00061 		mov	r1, #134217728
 801 00ee 04EA4324 		and	r4, r4, r3, lsl #9
 802 00f2 0C44     		add	r4, r4, r1
 803 00f4 C2E7     		b	.L169
 804              	.L185:
 805 00f6 6C6A     		ldr	r4, [r5, #36]
ARM GAS  /tmp/ccy0mYdn.s 			page 15


 806 00f8 114B     		ldr	r3, .L186+16
 807 00fa 03EAC404 		and	r4, r3, r4, lsl #3
 808 00fe 0C44     		add	r4, r4, r1
 809 0100 0462     		str	r4, [r0, #32]
 810 0102 AC6A     		ldr	r4, [r5, #40]
 811 0104 03EAC403 		and	r3, r3, r4, lsl #3
 812 0108 0733     		adds	r3, r3, #7
 813 010a 0B44     		add	r3, r3, r1
 814 010c C4E7     		b	.L171
 815              	.L174:
 816 010e 0D49     		ldr	r1, .L186+20
 817 0110 4FF00064 		mov	r4, #134217728
 818 0114 B2E7     		b	.L169
 819              	.L173:
 820 0116 0B4C     		ldr	r4, .L186+20
 821 0118 4FF00061 		mov	r1, #134217728
 822 011c AEE7     		b	.L169
 823              	.L161:
 824 011e 044A     		ldr	r2, .L186
 825 0120 D36A     		ldr	r3, [r2, #44]
 826 0122 DBB2     		uxtb	r3, r3
 827 0124 8360     		str	r3, [r0, #8]
 828 0126 D36A     		ldr	r3, [r2, #44]
 829 0128 C3F30743 		ubfx	r3, r3, #16, #8
 830 012c C360     		str	r3, [r0, #12]
 831 012e 6EE7     		b	.L160
 832              	.L187:
 833              		.align	2
 834              	.L186:
 835 0130 00200240 		.word	1073881088
 836 0134 00000140 		.word	1073807360
 837 0138 0070FF1F 		.word	536834048
 838 013c 00FEFF01 		.word	33553920
 839 0140 F8FF0700 		.word	524280
 840 0144 00000808 		.word	134742016
 842              		.section	.text.FLASH_PageErase,"ax",%progbits
 843              		.align	1
 844              		.p2align 2,,3
 845              		.global	FLASH_PageErase
 846              		.syntax unified
 847              		.thumb
 848              		.thumb_func
 849              		.fpu fpv4-sp-d16
 851              	FLASH_PageErase:
 852              		@ args = 0, pretend = 0, frame = 0
 853              		@ frame_needed = 0, uses_anonymous_args = 0
 854              		@ link register save eliminated.
 855 0000 0D4A     		ldr	r2, .L191
 856 0002 5369     		ldr	r3, [r2, #20]
 857 0004 C907     		lsls	r1, r1, #31
 858 0006 4CBF     		ite	mi
 859 0008 23F40063 		bicmi	r3, r3, #2048
 860 000c 43F40063 		orrpl	r3, r3, #2048
 861 0010 5361     		str	r3, [r2, #20]
 862 0012 094B     		ldr	r3, .L191
 863 0014 5A69     		ldr	r2, [r3, #20]
 864 0016 C000     		lsls	r0, r0, #3
ARM GAS  /tmp/ccy0mYdn.s 			page 16


 865 0018 22F4FF62 		bic	r2, r2, #2040
 866 001c 00F4FF60 		and	r0, r0, #2040
 867 0020 1043     		orrs	r0, r0, r2
 868 0022 5861     		str	r0, [r3, #20]
 869 0024 5A69     		ldr	r2, [r3, #20]
 870 0026 42F00202 		orr	r2, r2, #2
 871 002a 5A61     		str	r2, [r3, #20]
 872 002c 5A69     		ldr	r2, [r3, #20]
 873 002e 42F48032 		orr	r2, r2, #65536
 874 0032 5A61     		str	r2, [r3, #20]
 875 0034 7047     		bx	lr
 876              	.L192:
 877 0036 00BF     		.align	2
 878              	.L191:
 879 0038 00200240 		.word	1073881088
 881              		.section	.text.FLASH_FlushCaches,"ax",%progbits
 882              		.align	1
 883              		.p2align 2,,3
 884              		.global	FLASH_FlushCaches
 885              		.syntax unified
 886              		.thumb
 887              		.thumb_func
 888              		.fpu fpv4-sp-d16
 890              	FLASH_FlushCaches:
 891              		@ args = 0, pretend = 0, frame = 0
 892              		@ frame_needed = 0, uses_anonymous_args = 0
 893              		@ link register save eliminated.
 894 0000 1549     		ldr	r1, .L196
 895 0002 0B7F     		ldrb	r3, [r1, #28]	@ zero_extendqisi2
 896 0004 03F0FD02 		and	r2, r3, #253
 897 0008 012A     		cmp	r2, #1
 898 000a DBB2     		uxtb	r3, r3
 899 000c 10D1     		bne	.L194
 900 000e 134A     		ldr	r2, .L196+4
 901 0010 1068     		ldr	r0, [r2]
 902 0012 20F40070 		bic	r0, r0, #512
 903 0016 1060     		str	r0, [r2]
 904 0018 1068     		ldr	r0, [r2]
 905 001a 40F40060 		orr	r0, r0, #2048
 906 001e 1060     		str	r0, [r2]
 907 0020 1068     		ldr	r0, [r2]
 908 0022 20F40060 		bic	r0, r0, #2048
 909 0026 1060     		str	r0, [r2]
 910 0028 1068     		ldr	r0, [r2]
 911 002a 40F40070 		orr	r0, r0, #512
 912 002e 1060     		str	r0, [r2]
 913              	.L194:
 914 0030 023B     		subs	r3, r3, #2
 915 0032 012B     		cmp	r3, #1
 916 0034 0CD8     		bhi	.L195
 917 0036 094B     		ldr	r3, .L196+4
 918 0038 1A68     		ldr	r2, [r3]
 919 003a 42F48052 		orr	r2, r2, #4096
 920 003e 1A60     		str	r2, [r3]
 921 0040 1A68     		ldr	r2, [r3]
 922 0042 22F48052 		bic	r2, r2, #4096
 923 0046 1A60     		str	r2, [r3]
ARM GAS  /tmp/ccy0mYdn.s 			page 17


 924 0048 1A68     		ldr	r2, [r3]
 925 004a 42F48062 		orr	r2, r2, #1024
 926 004e 1A60     		str	r2, [r3]
 927              	.L195:
 928 0050 0023     		movs	r3, #0
 929 0052 0B77     		strb	r3, [r1, #28]
 930 0054 7047     		bx	lr
 931              	.L197:
 932 0056 00BF     		.align	2
 933              	.L196:
 934 0058 00000000 		.word	pFlash
 935 005c 00200240 		.word	1073881088
 937              		.ident	"GCC: (Arch Repository) 11.2.0"
ARM GAS  /tmp/ccy0mYdn.s 			page 18


DEFINED SYMBOLS
                            *ABS*:0000000000000000 stm32l4xx_hal_flash_ex.c
     /tmp/ccy0mYdn.s:16     .text.HAL_FLASHEx_Erase:0000000000000000 $t
     /tmp/ccy0mYdn.s:25     .text.HAL_FLASHEx_Erase:0000000000000000 HAL_FLASHEx_Erase
     /tmp/ccy0mYdn.s:195    .text.HAL_FLASHEx_Erase:0000000000000180 $d
     /tmp/ccy0mYdn.s:200    .text.HAL_FLASHEx_Erase_IT:0000000000000000 $t
     /tmp/ccy0mYdn.s:208    .text.HAL_FLASHEx_Erase_IT:0000000000000000 HAL_FLASHEx_Erase_IT
     /tmp/ccy0mYdn.s:315    .text.HAL_FLASHEx_Erase_IT:00000000000000d4 $d
     /tmp/ccy0mYdn.s:319    .text.HAL_FLASHEx_OBProgram:0000000000000000 $t
     /tmp/ccy0mYdn.s:327    .text.HAL_FLASHEx_OBProgram:0000000000000000 HAL_FLASHEx_OBProgram
     /tmp/ccy0mYdn.s:542    .text.HAL_FLASHEx_OBProgram:000000000000021a $d
     /tmp/ccy0mYdn.s:627    .text.HAL_FLASHEx_OBProgram:00000000000002d0 $d
     /tmp/ccy0mYdn.s:634    .text.HAL_FLASHEx_OBProgram:00000000000002e8 $t
     /tmp/ccy0mYdn.s:666    .text.HAL_FLASHEx_OBProgram:000000000000032c $d
     /tmp/ccy0mYdn.s:671    .text.HAL_FLASHEx_OBGetConfig:0000000000000000 $t
     /tmp/ccy0mYdn.s:679    .text.HAL_FLASHEx_OBGetConfig:0000000000000000 HAL_FLASHEx_OBGetConfig
     /tmp/ccy0mYdn.s:723    .text.HAL_FLASHEx_OBGetConfig:000000000000004a $d
     /tmp/ccy0mYdn.s:725    .text.HAL_FLASHEx_OBGetConfig:000000000000004c $t
     /tmp/ccy0mYdn.s:835    .text.HAL_FLASHEx_OBGetConfig:0000000000000130 $d
     /tmp/ccy0mYdn.s:843    .text.FLASH_PageErase:0000000000000000 $t
     /tmp/ccy0mYdn.s:851    .text.FLASH_PageErase:0000000000000000 FLASH_PageErase
     /tmp/ccy0mYdn.s:879    .text.FLASH_PageErase:0000000000000038 $d
     /tmp/ccy0mYdn.s:882    .text.FLASH_FlushCaches:0000000000000000 $t
     /tmp/ccy0mYdn.s:890    .text.FLASH_FlushCaches:0000000000000000 FLASH_FlushCaches
     /tmp/ccy0mYdn.s:934    .text.FLASH_FlushCaches:0000000000000058 $d
     /tmp/ccy0mYdn.s:547    .text.HAL_FLASHEx_OBProgram:000000000000021f $d
     /tmp/ccy0mYdn.s:547    .text.HAL_FLASHEx_OBProgram:0000000000000220 $t

UNDEFINED SYMBOLS
FLASH_WaitForLastOperation
pFlash
