ARM GAS  /tmp/ccKCrSBd.s 			page 1


   1              		.cpu cortex-m4
   2              		.eabi_attribute 27, 1
   3              		.eabi_attribute 28, 1
   4              		.eabi_attribute 20, 1
   5              		.eabi_attribute 21, 1
   6              		.eabi_attribute 23, 3
   7              		.eabi_attribute 24, 1
   8              		.eabi_attribute 25, 1
   9              		.eabi_attribute 26, 1
  10              		.eabi_attribute 30, 2
  11              		.eabi_attribute 34, 1
  12              		.eabi_attribute 18, 4
  13              		.file	"stm32l4xx_hal_flash_ramfunc.c"
  14              		.text
  15              		.section	.RamFunc,"ax",%progbits
  16              		.align	1
  17              		.p2align 2,,3
  18              		.global	HAL_FLASHEx_EnableRunPowerDown
  19              		.arch armv7e-m
  20              		.syntax unified
  21              		.thumb
  22              		.thumb_func
  23              		.fpu fpv4-sp-d16
  25              	HAL_FLASHEx_EnableRunPowerDown:
  26              		@ args = 0, pretend = 0, frame = 0
  27              		@ frame_needed = 0, uses_anonymous_args = 0
  28              		@ link register save eliminated.
  29 0000 054B     		ldr	r3, .L3
  30 0002 0649     		ldr	r1, .L3+4
  31 0004 064A     		ldr	r2, .L3+8
  32 0006 5960     		str	r1, [r3, #4]
  33 0008 5A60     		str	r2, [r3, #4]
  34 000a 1A68     		ldr	r2, [r3]
  35 000c 42F40052 		orr	r2, r2, #8192
  36 0010 0020     		movs	r0, #0
  37 0012 1A60     		str	r2, [r3]
  38 0014 7047     		bx	lr
  39              	.L4:
  40 0016 00BF     		.align	2
  41              	.L3:
  42 0018 00200240 		.word	1073881088
  43 001c 37261504 		.word	68494903
  44 0020 FDFCFBFA 		.word	-84148995
  46              		.align	1
  47              		.p2align 2,,3
  48              		.global	HAL_FLASHEx_DisableRunPowerDown
  49              		.syntax unified
  50              		.thumb
  51              		.thumb_func
  52              		.fpu fpv4-sp-d16
  54              	HAL_FLASHEx_DisableRunPowerDown:
  55              		@ args = 0, pretend = 0, frame = 0
  56              		@ frame_needed = 0, uses_anonymous_args = 0
  57              		@ link register save eliminated.
  58 0024 054B     		ldr	r3, .L6
  59 0026 0649     		ldr	r1, .L6+4
  60 0028 064A     		ldr	r2, .L6+8
ARM GAS  /tmp/ccKCrSBd.s 			page 2


  61 002a 5960     		str	r1, [r3, #4]
  62 002c 5A60     		str	r2, [r3, #4]
  63 002e 1A68     		ldr	r2, [r3]
  64 0030 22F40052 		bic	r2, r2, #8192
  65 0034 0020     		movs	r0, #0
  66 0036 1A60     		str	r2, [r3]
  67 0038 7047     		bx	lr
  68              	.L7:
  69 003a 00BF     		.align	2
  70              	.L6:
  71 003c 00200240 		.word	1073881088
  72 0040 37261504 		.word	68494903
  73 0044 FDFCFBFA 		.word	-84148995
  75              		.ident	"GCC: (Arch Repository) 11.2.0"
ARM GAS  /tmp/ccKCrSBd.s 			page 3


DEFINED SYMBOLS
                            *ABS*:0000000000000000 stm32l4xx_hal_flash_ramfunc.c
     /tmp/ccKCrSBd.s:16     .RamFunc:0000000000000000 $t
     /tmp/ccKCrSBd.s:25     .RamFunc:0000000000000000 HAL_FLASHEx_EnableRunPowerDown
     /tmp/ccKCrSBd.s:42     .RamFunc:0000000000000018 $d
     /tmp/ccKCrSBd.s:46     .RamFunc:0000000000000024 $t
     /tmp/ccKCrSBd.s:54     .RamFunc:0000000000000024 HAL_FLASHEx_DisableRunPowerDown
     /tmp/ccKCrSBd.s:71     .RamFunc:000000000000003c $d

NO UNDEFINED SYMBOLS
