ARM GAS  /tmp/ccc8WyyC.s 			page 1


   1              		.cpu cortex-m4
   2              		.eabi_attribute 27, 1
   3              		.eabi_attribute 28, 1
   4              		.eabi_attribute 20, 1
   5              		.eabi_attribute 21, 1
   6              		.eabi_attribute 23, 3
   7              		.eabi_attribute 24, 1
   8              		.eabi_attribute 25, 1
   9              		.eabi_attribute 26, 1
  10              		.eabi_attribute 30, 2
  11              		.eabi_attribute 34, 1
  12              		.eabi_attribute 18, 4
  13              		.file	"stm32l4xx_hal_dma.c"
  14              		.text
  15              		.section	.text.HAL_DMA_Init,"ax",%progbits
  16              		.align	1
  17              		.p2align 2,,3
  18              		.global	HAL_DMA_Init
  19              		.arch armv7e-m
  20              		.syntax unified
  21              		.thumb
  22              		.thumb_func
  23              		.fpu fpv4-sp-d16
  25              	HAL_DMA_Init:
  26              		@ args = 0, pretend = 0, frame = 0
  27              		@ frame_needed = 0, uses_anonymous_args = 0
  28              		@ link register save eliminated.
  29 0000 0028     		cmp	r0, #0
  30 0002 50D0     		beq	.L7
  31 0004 F0B4     		push	{r4, r5, r6, r7}
  32 0006 2E4B     		ldr	r3, .L18
  33 0008 0468     		ldr	r4, [r0]
  34 000a 9C42     		cmp	r4, r3
  35 000c 42D9     		bls	.L16
  36 000e 2D4A     		ldr	r2, .L18+4
  37 0010 2D4B     		ldr	r3, .L18+8
  38 0012 2E4D     		ldr	r5, .L18+12
  39 0014 2244     		add	r2, r2, r4
  40 0016 A3FB0232 		umull	r3, r2, r3, r2
  41 001a 1209     		lsrs	r2, r2, #4
  42 001c 9200     		lsls	r2, r2, #2
  43              	.L4:
  44 001e 0223     		movs	r3, #2
  45 0020 80F82530 		strb	r3, [r0, #37]
  46 0024 D0E90263 		ldrd	r6, r3, [r0, #8]
  47 0028 0769     		ldr	r7, [r0, #16]
  48 002a 2168     		ldr	r1, [r4]
  49 002c 0564     		str	r5, [r0, #64]
  50 002e 3343     		orrs	r3, r3, r6
  51 0030 3B43     		orrs	r3, r3, r7
  52 0032 4769     		ldr	r7, [r0, #20]
  53 0034 4264     		str	r2, [r0, #68]
  54 0036 3B43     		orrs	r3, r3, r7
  55 0038 8769     		ldr	r7, [r0, #24]
  56 003a 3B43     		orrs	r3, r3, r7
  57 003c C769     		ldr	r7, [r0, #28]
  58 003e 3B43     		orrs	r3, r3, r7
ARM GAS  /tmp/ccc8WyyC.s 			page 2


  59 0040 076A     		ldr	r7, [r0, #32]
  60 0042 21F4FF41 		bic	r1, r1, #32640
  61 0046 21F07001 		bic	r1, r1, #112
  62 004a 3B43     		orrs	r3, r3, r7
  63 004c 0B43     		orrs	r3, r3, r1
  64 004e B6F5804F 		cmp	r6, #16384
  65 0052 2360     		str	r3, [r4]
  66 0054 14D0     		beq	.L5
  67 0056 4168     		ldr	r1, [r0, #4]
  68 0058 02F01C02 		and	r2, r2, #28
  69 005c 0F23     		movs	r3, #15
  70 005e 9340     		lsls	r3, r3, r2
  71 0060 9140     		lsls	r1, r1, r2
  72 0062 1B4A     		ldr	r2, .L18+16
  73 0064 9542     		cmp	r5, r2
  74 0066 6FEA0303 		mvn	r3, r3
  75 006a 1ED0     		beq	.L17
  76 006c D2F8A844 		ldr	r4, [r2, #1192]
  77 0070 2340     		ands	r3, r3, r4
  78 0072 C2F8A834 		str	r3, [r2, #1192]
  79 0076 D2F8A834 		ldr	r3, [r2, #1192]
  80 007a 0B43     		orrs	r3, r3, r1
  81 007c C2F8A834 		str	r3, [r2, #1192]
  82              	.L5:
  83 0080 0023     		movs	r3, #0
  84 0082 0122     		movs	r2, #1
  85 0084 C363     		str	r3, [r0, #60]
  86 0086 80F82430 		strb	r3, [r0, #36]
  87 008a 80F82520 		strb	r2, [r0, #37]
  88 008e F0BC     		pop	{r4, r5, r6, r7}
  89 0090 1846     		mov	r0, r3
  90 0092 7047     		bx	lr
  91              	.L16:
  92 0094 0F4A     		ldr	r2, .L18+20
  93 0096 0C4B     		ldr	r3, .L18+8
  94 0098 0D4D     		ldr	r5, .L18+16
  95 009a 2244     		add	r2, r2, r4
  96 009c A3FB0232 		umull	r3, r2, r3, r2
  97 00a0 1209     		lsrs	r2, r2, #4
  98 00a2 9200     		lsls	r2, r2, #2
  99 00a4 BBE7     		b	.L4
 100              	.L7:
 101 00a6 0120     		movs	r0, #1
 102 00a8 7047     		bx	lr
 103              	.L17:
 104 00aa D5F8A820 		ldr	r2, [r5, #168]
 105 00ae 1340     		ands	r3, r3, r2
 106 00b0 C5F8A830 		str	r3, [r5, #168]
 107 00b4 D5F8A830 		ldr	r3, [r5, #168]
 108 00b8 0B43     		orrs	r3, r3, r1
 109 00ba C5F8A830 		str	r3, [r5, #168]
 110 00be DFE7     		b	.L5
 111              	.L19:
 112              		.align	2
 113              	.L18:
 114 00c0 07040240 		.word	1073873927
 115 00c4 F8FBFDBF 		.word	-1073873928
ARM GAS  /tmp/ccc8WyyC.s 			page 3


 116 00c8 CDCCCCCC 		.word	-858993459
 117 00cc 00040240 		.word	1073873920
 118 00d0 00000240 		.word	1073872896
 119 00d4 F8FFFDBF 		.word	-1073872904
 121              		.section	.text.HAL_DMA_DeInit,"ax",%progbits
 122              		.align	1
 123              		.p2align 2,,3
 124              		.global	HAL_DMA_DeInit
 125              		.syntax unified
 126              		.thumb
 127              		.thumb_func
 128              		.fpu fpv4-sp-d16
 130              	HAL_DMA_DeInit:
 131              		@ args = 0, pretend = 0, frame = 0
 132              		@ frame_needed = 0, uses_anonymous_args = 0
 133              		@ link register save eliminated.
 134 0000 0028     		cmp	r0, #0
 135 0002 4CD0     		beq	.L24
 136 0004 0268     		ldr	r2, [r0]
 137 0006 2749     		ldr	r1, .L30
 138 0008 1368     		ldr	r3, [r2]
 139 000a 8A42     		cmp	r2, r1
 140 000c 23F00103 		bic	r3, r3, #1
 141 0010 10B4     		push	{r4}
 142 0012 1360     		str	r3, [r2]
 143 0014 28D9     		bls	.L29
 144 0016 244B     		ldr	r3, .L30+4
 145 0018 2449     		ldr	r1, .L30+8
 146 001a 1344     		add	r3, r3, r2
 147 001c A1FB0313 		umull	r1, r3, r1, r3
 148 0020 1B09     		lsrs	r3, r3, #4
 149 0022 2349     		ldr	r1, .L30+12
 150 0024 0164     		str	r1, [r0, #64]
 151 0026 9B00     		lsls	r3, r3, #2
 152 0028 0024     		movs	r4, #0
 153 002a 4364     		str	r3, [r0, #68]
 154 002c 1460     		str	r4, [r2]
 155 002e 03F01C03 		and	r3, r3, #28
 156 0032 0122     		movs	r2, #1
 157 0034 9A40     		lsls	r2, r2, r3
 158 0036 1F4C     		ldr	r4, .L30+16
 159 0038 4A60     		str	r2, [r1, #4]
 160 003a D4F8A824 		ldr	r2, [r4, #1192]
 161 003e 0F21     		movs	r1, #15
 162 0040 01FA03F3 		lsl	r3, r1, r3
 163 0044 22EA0303 		bic	r3, r2, r3
 164 0048 C4F8A834 		str	r3, [r4, #1192]
 165              	.L23:
 166 004c 0023     		movs	r3, #0
 167 004e C363     		str	r3, [r0, #60]
 168 0050 80F82430 		strb	r3, [r0, #36]
 169 0054 80F82530 		strb	r3, [r0, #37]
 170 0058 C0E90B33 		strd	r3, r3, [r0, #44]
 171 005c C0E90D33 		strd	r3, r3, [r0, #52]
 172 0060 5DF8044B 		ldr	r4, [sp], #4
 173 0064 1846     		mov	r0, r3
 174 0066 7047     		bx	lr
ARM GAS  /tmp/ccc8WyyC.s 			page 4


 175              	.L29:
 176 0068 134B     		ldr	r3, .L30+20
 177 006a 1049     		ldr	r1, .L30+8
 178 006c 1344     		add	r3, r3, r2
 179 006e A1FB0313 		umull	r1, r3, r1, r3
 180 0072 1B09     		lsrs	r3, r3, #4
 181 0074 0F49     		ldr	r1, .L30+16
 182 0076 0164     		str	r1, [r0, #64]
 183 0078 9B00     		lsls	r3, r3, #2
 184 007a 0024     		movs	r4, #0
 185 007c 4364     		str	r3, [r0, #68]
 186 007e 1460     		str	r4, [r2]
 187 0080 03F01C03 		and	r3, r3, #28
 188 0084 0122     		movs	r2, #1
 189 0086 9A40     		lsls	r2, r2, r3
 190 0088 4A60     		str	r2, [r1, #4]
 191 008a D1F8A820 		ldr	r2, [r1, #168]
 192 008e 0F24     		movs	r4, #15
 193 0090 04FA03F3 		lsl	r3, r4, r3
 194 0094 22EA0303 		bic	r3, r2, r3
 195 0098 C1F8A830 		str	r3, [r1, #168]
 196 009c D6E7     		b	.L23
 197              	.L24:
 198 009e 0120     		movs	r0, #1
 199 00a0 7047     		bx	lr
 200              	.L31:
 201 00a2 00BF     		.align	2
 202              	.L30:
 203 00a4 07040240 		.word	1073873927
 204 00a8 F8FBFDBF 		.word	-1073873928
 205 00ac CDCCCCCC 		.word	-858993459
 206 00b0 00040240 		.word	1073873920
 207 00b4 00000240 		.word	1073872896
 208 00b8 F8FFFDBF 		.word	-1073872904
 210              		.section	.text.HAL_DMA_Start,"ax",%progbits
 211              		.align	1
 212              		.p2align 2,,3
 213              		.global	HAL_DMA_Start
 214              		.syntax unified
 215              		.thumb
 216              		.thumb_func
 217              		.fpu fpv4-sp-d16
 219              	HAL_DMA_Start:
 220              		@ args = 0, pretend = 0, frame = 0
 221              		@ frame_needed = 0, uses_anonymous_args = 0
 222              		@ link register save eliminated.
 223 0000 70B4     		push	{r4, r5, r6}
 224 0002 90F82440 		ldrb	r4, [r0, #36]	@ zero_extendqisi2
 225 0006 012C     		cmp	r4, #1
 226 0008 2ED0     		beq	.L37
 227 000a 0124     		movs	r4, #1
 228 000c 80F82440 		strb	r4, [r0, #36]
 229 0010 90F82540 		ldrb	r4, [r0, #37]	@ zero_extendqisi2
 230 0014 012C     		cmp	r4, #1
 231 0016 5FFA84FC 		uxtb	ip, r4
 232 001a 05D0     		beq	.L39
 233 001c 0023     		movs	r3, #0
ARM GAS  /tmp/ccc8WyyC.s 			page 5


 234 001e 80F82430 		strb	r3, [r0, #36]
 235 0022 70BC     		pop	{r4, r5, r6}
 236 0024 0220     		movs	r0, #2
 237 0026 7047     		bx	lr
 238              	.L39:
 239 0028 0225     		movs	r5, #2
 240 002a 80F82550 		strb	r5, [r0, #37]
 241 002e 0468     		ldr	r4, [r0]
 242 0030 0025     		movs	r5, #0
 243 0032 C563     		str	r5, [r0, #60]
 244 0034 2668     		ldr	r6, [r4]
 245 0036 456C     		ldr	r5, [r0, #68]
 246 0038 26F00106 		bic	r6, r6, #1
 247 003c 2660     		str	r6, [r4]
 248 003e 066C     		ldr	r6, [r0, #64]
 249 0040 8068     		ldr	r0, [r0, #8]
 250 0042 05F01C05 		and	r5, r5, #28
 251 0046 1028     		cmp	r0, #16
 252 0048 0CFA05F5 		lsl	r5, ip, r5
 253 004c 7560     		str	r5, [r6, #4]
 254 004e 6360     		str	r3, [r4, #4]
 255 0050 0BBF     		itete	eq
 256 0052 A260     		streq	r2, [r4, #8]
 257 0054 A160     		strne	r1, [r4, #8]
 258 0056 E160     		streq	r1, [r4, #12]
 259 0058 E260     		strne	r2, [r4, #12]
 260 005a 2368     		ldr	r3, [r4]
 261 005c 43F00103 		orr	r3, r3, #1
 262 0060 0020     		movs	r0, #0
 263 0062 2360     		str	r3, [r4]
 264 0064 70BC     		pop	{r4, r5, r6}
 265 0066 7047     		bx	lr
 266              	.L37:
 267 0068 0220     		movs	r0, #2
 268 006a 70BC     		pop	{r4, r5, r6}
 269 006c 7047     		bx	lr
 271 006e 00BF     		.section	.text.HAL_DMA_Start_IT,"ax",%progbits
 272              		.align	1
 273              		.p2align 2,,3
 274              		.global	HAL_DMA_Start_IT
 275              		.syntax unified
 276              		.thumb
 277              		.thumb_func
 278              		.fpu fpv4-sp-d16
 280              	HAL_DMA_Start_IT:
 281              		@ args = 0, pretend = 0, frame = 0
 282              		@ frame_needed = 0, uses_anonymous_args = 0
 283              		@ link register save eliminated.
 284 0000 70B4     		push	{r4, r5, r6}
 285 0002 90F82440 		ldrb	r4, [r0, #36]	@ zero_extendqisi2
 286 0006 012C     		cmp	r4, #1
 287 0008 3DD0     		beq	.L47
 288 000a 0124     		movs	r4, #1
 289 000c 80F82440 		strb	r4, [r0, #36]
 290 0010 90F82540 		ldrb	r4, [r0, #37]	@ zero_extendqisi2
 291 0014 012C     		cmp	r4, #1
 292 0016 5FFA84FC 		uxtb	ip, r4
ARM GAS  /tmp/ccc8WyyC.s 			page 6


 293 001a 05D0     		beq	.L49
 294 001c 0023     		movs	r3, #0
 295 001e 80F82430 		strb	r3, [r0, #36]
 296 0022 70BC     		pop	{r4, r5, r6}
 297 0024 0220     		movs	r0, #2
 298 0026 7047     		bx	lr
 299              	.L49:
 300 0028 0225     		movs	r5, #2
 301 002a 80F82550 		strb	r5, [r0, #37]
 302 002e 0468     		ldr	r4, [r0]
 303 0030 0025     		movs	r5, #0
 304 0032 C563     		str	r5, [r0, #60]
 305 0034 2668     		ldr	r6, [r4]
 306 0036 456C     		ldr	r5, [r0, #68]
 307 0038 26F00106 		bic	r6, r6, #1
 308 003c 2660     		str	r6, [r4]
 309 003e 05F01C05 		and	r5, r5, #28
 310 0042 066C     		ldr	r6, [r0, #64]
 311 0044 0CFA05F5 		lsl	r5, ip, r5
 312 0048 7560     		str	r5, [r6, #4]
 313 004a 6360     		str	r3, [r4, #4]
 314 004c 8368     		ldr	r3, [r0, #8]
 315 004e 102B     		cmp	r3, #16
 316 0050 036B     		ldr	r3, [r0, #48]
 317 0052 0BBF     		itete	eq
 318 0054 A260     		streq	r2, [r4, #8]
 319 0056 A160     		strne	r1, [r4, #8]
 320 0058 E160     		streq	r1, [r4, #12]
 321 005a E260     		strne	r2, [r4, #12]
 322 005c 53B1     		cbz	r3, .L45
 323 005e 2368     		ldr	r3, [r4]
 324 0060 43F00E03 		orr	r3, r3, #14
 325 0064 2360     		str	r3, [r4]
 326              	.L46:
 327 0066 2368     		ldr	r3, [r4]
 328 0068 43F00103 		orr	r3, r3, #1
 329 006c 0020     		movs	r0, #0
 330 006e 2360     		str	r3, [r4]
 331 0070 70BC     		pop	{r4, r5, r6}
 332 0072 7047     		bx	lr
 333              	.L45:
 334 0074 2368     		ldr	r3, [r4]
 335 0076 23F00403 		bic	r3, r3, #4
 336 007a 2360     		str	r3, [r4]
 337 007c 2368     		ldr	r3, [r4]
 338 007e 43F00A03 		orr	r3, r3, #10
 339 0082 2360     		str	r3, [r4]
 340 0084 EFE7     		b	.L46
 341              	.L47:
 342 0086 0220     		movs	r0, #2
 343 0088 70BC     		pop	{r4, r5, r6}
 344 008a 7047     		bx	lr
 346              		.section	.text.HAL_DMA_Abort,"ax",%progbits
 347              		.align	1
 348              		.p2align 2,,3
 349              		.global	HAL_DMA_Abort
 350              		.syntax unified
ARM GAS  /tmp/ccc8WyyC.s 			page 7


 351              		.thumb
 352              		.thumb_func
 353              		.fpu fpv4-sp-d16
 355              	HAL_DMA_Abort:
 356              		@ args = 0, pretend = 0, frame = 0
 357              		@ frame_needed = 0, uses_anonymous_args = 0
 358              		@ link register save eliminated.
 359 0000 90F82520 		ldrb	r2, [r0, #37]	@ zero_extendqisi2
 360 0004 022A     		cmp	r2, #2
 361 0006 0346     		mov	r3, r0
 362 0008 06D0     		beq	.L51
 363 000a 0422     		movs	r2, #4
 364 000c C263     		str	r2, [r0, #60]
 365 000e 0022     		movs	r2, #0
 366 0010 0120     		movs	r0, #1
 367 0012 83F82420 		strb	r2, [r3, #36]
 368 0016 7047     		bx	lr
 369              	.L51:
 370 0018 0168     		ldr	r1, [r0]
 371 001a 426C     		ldr	r2, [r0, #68]
 372 001c 0868     		ldr	r0, [r1]
 373 001e 20F00E00 		bic	r0, r0, #14
 374 0022 0860     		str	r0, [r1]
 375 0024 0868     		ldr	r0, [r1]
 376 0026 20F00100 		bic	r0, r0, #1
 377 002a 0860     		str	r0, [r1]
 378 002c 4FF0010C 		mov	ip, #1
 379 0030 196C     		ldr	r1, [r3, #64]
 380 0032 02F01C02 		and	r2, r2, #28
 381 0036 0CFA02F2 		lsl	r2, ip, r2
 382 003a 4A60     		str	r2, [r1, #4]
 383 003c 0022     		movs	r2, #0
 384 003e 0020     		movs	r0, #0
 385 0040 83F825C0 		strb	ip, [r3, #37]
 386 0044 83F82420 		strb	r2, [r3, #36]
 387 0048 7047     		bx	lr
 389 004a 00BF     		.section	.text.HAL_DMA_Abort_IT,"ax",%progbits
 390              		.align	1
 391              		.p2align 2,,3
 392              		.global	HAL_DMA_Abort_IT
 393              		.syntax unified
 394              		.thumb
 395              		.thumb_func
 396              		.fpu fpv4-sp-d16
 398              	HAL_DMA_Abort_IT:
 399              		@ args = 0, pretend = 0, frame = 0
 400              		@ frame_needed = 0, uses_anonymous_args = 0
 401 0000 90F82520 		ldrb	r2, [r0, #37]	@ zero_extendqisi2
 402 0004 022A     		cmp	r2, #2
 403 0006 03D0     		beq	.L54
 404 0008 0422     		movs	r2, #4
 405 000a C263     		str	r2, [r0, #60]
 406 000c 0120     		movs	r0, #1
 407 000e 7047     		bx	lr
 408              	.L54:
 409 0010 0168     		ldr	r1, [r0]
 410 0012 426C     		ldr	r2, [r0, #68]
ARM GAS  /tmp/ccc8WyyC.s 			page 8


 411 0014 10B5     		push	{r4, lr}
 412 0016 0C68     		ldr	r4, [r1]
 413 0018 24F00E04 		bic	r4, r4, #14
 414 001c 0C60     		str	r4, [r1]
 415 001e 0C68     		ldr	r4, [r1]
 416 0020 24F00104 		bic	r4, r4, #1
 417 0024 0C60     		str	r4, [r1]
 418 0026 02F01C02 		and	r2, r2, #28
 419 002a 046C     		ldr	r4, [r0, #64]
 420 002c 0121     		movs	r1, #1
 421 002e 01FA02F2 		lsl	r2, r1, r2
 422 0032 6260     		str	r2, [r4, #4]
 423 0034 826B     		ldr	r2, [r0, #56]
 424 0036 80F82510 		strb	r1, [r0, #37]
 425 003a 0024     		movs	r4, #0
 426 003c 80F82440 		strb	r4, [r0, #36]
 427 0040 12B1     		cbz	r2, .L56
 428 0042 9047     		blx	r2
 429 0044 2046     		mov	r0, r4
 430 0046 10BD     		pop	{r4, pc}
 431              	.L56:
 432 0048 1046     		mov	r0, r2
 433 004a 10BD     		pop	{r4, pc}
 435              		.section	.text.HAL_DMA_PollForTransfer,"ax",%progbits
 436              		.align	1
 437              		.p2align 2,,3
 438              		.global	HAL_DMA_PollForTransfer
 439              		.syntax unified
 440              		.thumb
 441              		.thumb_func
 442              		.fpu fpv4-sp-d16
 444              	HAL_DMA_PollForTransfer:
 445              		@ args = 0, pretend = 0, frame = 0
 446              		@ frame_needed = 0, uses_anonymous_args = 0
 447 0000 2DE9F843 		push	{r3, r4, r5, r6, r7, r8, r9, lr}
 448 0004 90F82530 		ldrb	r3, [r0, #37]	@ zero_extendqisi2
 449 0008 022B     		cmp	r3, #2
 450 000a 0446     		mov	r4, r0
 451 000c 07D0     		beq	.L61
 452 000e 0422     		movs	r2, #4
 453 0010 0023     		movs	r3, #0
 454 0012 C263     		str	r2, [r0, #60]
 455 0014 80F82430 		strb	r3, [r0, #36]
 456 0018 0120     		movs	r0, #1
 457              	.L62:
 458 001a BDE8F883 		pop	{r3, r4, r5, r6, r7, r8, r9, pc}
 459              	.L61:
 460 001e 1746     		mov	r7, r2
 461 0020 DAB2     		uxtb	r2, r3
 462 0022 0368     		ldr	r3, [r0]
 463 0024 1B68     		ldr	r3, [r3]
 464 0026 9806     		lsls	r0, r3, #26
 465 0028 27D4     		bmi	.L77
 466 002a 656C     		ldr	r5, [r4, #68]
 467 002c 0E46     		mov	r6, r1
 468 002e 05F01C05 		and	r5, r5, #28
 469 0032 41B3     		cbz	r1, .L78
ARM GAS  /tmp/ccc8WyyC.s 			page 9


 470 0034 0423     		movs	r3, #4
 471 0036 03FA05F5 		lsl	r5, r3, r5
 472              	.L65:
 473 003a FFF7FEFF 		bl	HAL_GetTick
 474 003e 4FF00809 		mov	r9, #8
 475 0042 8046     		mov	r8, r0
 476              	.L66:
 477 0044 D4E91031 		ldrd	r3, r1, [r4, #64]
 478 0048 7A1C     		adds	r2, r7, #1
 479 004a 01F01C01 		and	r1, r1, #28
 480 004e 1DD1     		bne	.L69
 481 0050 0820     		movs	r0, #8
 482 0052 8840     		lsls	r0, r0, r1
 483 0054 02E0     		b	.L72
 484              	.L79:
 485 0056 1A68     		ldr	r2, [r3]
 486 0058 0242     		tst	r2, r0
 487 005a 30D1     		bne	.L71
 488              	.L72:
 489 005c 1A68     		ldr	r2, [r3]
 490 005e 2A42     		tst	r2, r5
 491 0060 F9D0     		beq	.L79
 492              	.L70:
 493 0062 002E     		cmp	r6, #0
 494 0064 38D1     		bne	.L74
 495 0066 0222     		movs	r2, #2
 496 0068 8A40     		lsls	r2, r2, r1
 497 006a 0121     		movs	r1, #1
 498 006c 5A60     		str	r2, [r3, #4]
 499 006e 3046     		mov	r0, r6
 500 0070 84F82460 		strb	r6, [r4, #36]
 501 0074 84F82510 		strb	r1, [r4, #37]
 502 0078 CFE7     		b	.L62
 503              	.L77:
 504 007a 4FF48073 		mov	r3, #256
 505 007e E363     		str	r3, [r4, #60]
 506 0080 0120     		movs	r0, #1
 507 0082 BDE8F883 		pop	{r3, r4, r5, r6, r7, r8, r9, pc}
 508              	.L78:
 509 0086 02FA05F5 		lsl	r5, r2, r5
 510 008a D6E7     		b	.L65
 511              	.L69:
 512 008c 1A68     		ldr	r2, [r3]
 513 008e 2A42     		tst	r2, r5
 514 0090 E7D1     		bne	.L70
 515 0092 1A68     		ldr	r2, [r3]
 516 0094 09FA01F0 		lsl	r0, r9, r1
 517 0098 1042     		tst	r0, r2
 518 009a 10D1     		bne	.L71
 519 009c FFF7FEFF 		bl	HAL_GetTick
 520 00a0 A0EB0800 		sub	r0, r0, r8
 521 00a4 B842     		cmp	r0, r7
 522 00a6 01D8     		bhi	.L68
 523 00a8 002F     		cmp	r7, #0
 524 00aa CBD1     		bne	.L66
 525              	.L68:
 526 00ac 0120     		movs	r0, #1
ARM GAS  /tmp/ccc8WyyC.s 			page 10


 527 00ae 2022     		movs	r2, #32
 528 00b0 0023     		movs	r3, #0
 529 00b2 E263     		str	r2, [r4, #60]
 530 00b4 84F82430 		strb	r3, [r4, #36]
 531 00b8 84F82500 		strb	r0, [r4, #37]
 532 00bc ADE7     		b	.L62
 533              	.L71:
 534 00be 0122     		movs	r2, #1
 535 00c0 02FA01F1 		lsl	r1, r2, r1
 536 00c4 0025     		movs	r5, #0
 537 00c6 5960     		str	r1, [r3, #4]
 538 00c8 E263     		str	r2, [r4, #60]
 539 00ca 84F82450 		strb	r5, [r4, #36]
 540 00ce 84F82520 		strb	r2, [r4, #37]
 541 00d2 1046     		mov	r0, r2
 542 00d4 BDE8F883 		pop	{r3, r4, r5, r6, r7, r8, r9, pc}
 543              	.L74:
 544 00d8 0422     		movs	r2, #4
 545 00da 8A40     		lsls	r2, r2, r1
 546 00dc 5A60     		str	r2, [r3, #4]
 547 00de 0020     		movs	r0, #0
 548 00e0 9BE7     		b	.L62
 550 00e2 00BF     		.section	.text.HAL_DMA_IRQHandler,"ax",%progbits
 551              		.align	1
 552              		.p2align 2,,3
 553              		.global	HAL_DMA_IRQHandler
 554              		.syntax unified
 555              		.thumb
 556              		.thumb_func
 557              		.fpu fpv4-sp-d16
 559              	HAL_DMA_IRQHandler:
 560              		@ args = 0, pretend = 0, frame = 0
 561              		@ frame_needed = 0, uses_anonymous_args = 0
 562              		@ link register save eliminated.
 563 0000 70B4     		push	{r4, r5, r6}
 564 0002 436C     		ldr	r3, [r0, #68]
 565 0004 066C     		ldr	r6, [r0, #64]
 566 0006 0568     		ldr	r5, [r0]
 567 0008 3168     		ldr	r1, [r6]
 568 000a 2C68     		ldr	r4, [r5]
 569 000c 03F01C03 		and	r3, r3, #28
 570 0010 0422     		movs	r2, #4
 571 0012 9A40     		lsls	r2, r2, r3
 572 0014 0A42     		tst	r2, r1
 573 0016 0ED0     		beq	.L81
 574 0018 14F0040F 		tst	r4, #4
 575 001c 0BD0     		beq	.L81
 576 001e 2B68     		ldr	r3, [r5]
 577 0020 9B06     		lsls	r3, r3, #26
 578 0022 03D4     		bmi	.L82
 579 0024 2B68     		ldr	r3, [r5]
 580 0026 23F00403 		bic	r3, r3, #4
 581 002a 2B60     		str	r3, [r5]
 582              	.L82:
 583 002c 036B     		ldr	r3, [r0, #48]
 584 002e 7260     		str	r2, [r6, #4]
 585 0030 CBB1     		cbz	r3, .L80
ARM GAS  /tmp/ccc8WyyC.s 			page 11


 586              	.L113:
 587 0032 70BC     		pop	{r4, r5, r6}
 588 0034 1847     		bx	r3	@ indirect register sibling call
 589              	.L81:
 590 0036 0222     		movs	r2, #2
 591 0038 9A40     		lsls	r2, r2, r3
 592 003a 0A42     		tst	r2, r1
 593 003c 15D0     		beq	.L85
 594 003e 14F0020F 		tst	r4, #2
 595 0042 12D0     		beq	.L85
 596 0044 2B68     		ldr	r3, [r5]
 597 0046 9906     		lsls	r1, r3, #26
 598 0048 06D4     		bmi	.L86
 599 004a 2B68     		ldr	r3, [r5]
 600 004c 23F00A03 		bic	r3, r3, #10
 601 0050 2B60     		str	r3, [r5]
 602 0052 0123     		movs	r3, #1
 603 0054 80F82530 		strb	r3, [r0, #37]
 604              	.L86:
 605 0058 C36A     		ldr	r3, [r0, #44]
 606 005a 7260     		str	r2, [r6, #4]
 607 005c 0021     		movs	r1, #0
 608 005e 80F82410 		strb	r1, [r0, #36]
 609 0062 002B     		cmp	r3, #0
 610 0064 E5D1     		bne	.L113
 611              	.L80:
 612 0066 70BC     		pop	{r4, r5, r6}
 613 0068 7047     		bx	lr
 614              	.L85:
 615 006a 0822     		movs	r2, #8
 616 006c 9A40     		lsls	r2, r2, r3
 617 006e 0A42     		tst	r2, r1
 618 0070 F9D0     		beq	.L80
 619 0072 2207     		lsls	r2, r4, #28
 620 0074 F7D5     		bpl	.L80
 621 0076 2A68     		ldr	r2, [r5]
 622 0078 416B     		ldr	r1, [r0, #52]
 623 007a 22F00E02 		bic	r2, r2, #14
 624 007e 2A60     		str	r2, [r5]
 625 0080 0122     		movs	r2, #1
 626 0082 02FA03F3 		lsl	r3, r2, r3
 627 0086 0024     		movs	r4, #0
 628 0088 7360     		str	r3, [r6, #4]
 629 008a C263     		str	r2, [r0, #60]
 630 008c 80F82440 		strb	r4, [r0, #36]
 631 0090 80F82520 		strb	r2, [r0, #37]
 632 0094 0029     		cmp	r1, #0
 633 0096 E6D0     		beq	.L80
 634 0098 70BC     		pop	{r4, r5, r6}
 635 009a 0847     		bx	r1	@ indirect register sibling call
 637              		.section	.text.HAL_DMA_RegisterCallback,"ax",%progbits
 638              		.align	1
 639              		.p2align 2,,3
 640              		.global	HAL_DMA_RegisterCallback
 641              		.syntax unified
 642              		.thumb
 643              		.thumb_func
ARM GAS  /tmp/ccc8WyyC.s 			page 12


 644              		.fpu fpv4-sp-d16
 646              	HAL_DMA_RegisterCallback:
 647              		@ args = 0, pretend = 0, frame = 0
 648              		@ frame_needed = 0, uses_anonymous_args = 0
 649              		@ link register save eliminated.
 650 0000 90F82430 		ldrb	r3, [r0, #36]	@ zero_extendqisi2
 651 0004 012B     		cmp	r3, #1
 652 0006 1ED0     		beq	.L122
 653 0008 90F825C0 		ldrb	ip, [r0, #37]	@ zero_extendqisi2
 654 000c BCF1010F 		cmp	ip, #1
 655 0010 5FFA8CF3 		uxtb	r3, ip
 656 0014 05D0     		beq	.L125
 657 0016 0123     		movs	r3, #1
 658              	.L116:
 659 0018 0022     		movs	r2, #0
 660 001a 80F82420 		strb	r2, [r0, #36]
 661 001e 1846     		mov	r0, r3
 662 0020 7047     		bx	lr
 663              	.L125:
 664 0022 0329     		cmp	r1, #3
 665 0024 F8D8     		bhi	.L116
 666 0026 DFE801F0 		tbb	[pc, r1]
 667              	.L118:
 668 002a 0B       		.byte	(.L121-.L118)/2
 669 002b 08       		.byte	(.L120-.L118)/2
 670 002c 05       		.byte	(.L119-.L118)/2
 671 002d 02       		.byte	(.L117-.L118)/2
 672              		.p2align 1
 673              	.L117:
 674 002e 8263     		str	r2, [r0, #56]
 675 0030 0023     		movs	r3, #0
 676 0032 F1E7     		b	.L116
 677              	.L119:
 678 0034 4263     		str	r2, [r0, #52]
 679 0036 0023     		movs	r3, #0
 680 0038 EEE7     		b	.L116
 681              	.L120:
 682 003a 0263     		str	r2, [r0, #48]
 683 003c 0023     		movs	r3, #0
 684 003e EBE7     		b	.L116
 685              	.L121:
 686 0040 C262     		str	r2, [r0, #44]
 687 0042 0B46     		mov	r3, r1
 688 0044 E8E7     		b	.L116
 689              	.L122:
 690 0046 0223     		movs	r3, #2
 691 0048 1846     		mov	r0, r3
 692 004a 7047     		bx	lr
 694              		.section	.text.HAL_DMA_UnRegisterCallback,"ax",%progbits
 695              		.align	1
 696              		.p2align 2,,3
 697              		.global	HAL_DMA_UnRegisterCallback
 698              		.syntax unified
 699              		.thumb
 700              		.thumb_func
 701              		.fpu fpv4-sp-d16
 703              	HAL_DMA_UnRegisterCallback:
ARM GAS  /tmp/ccc8WyyC.s 			page 13


 704              		@ args = 0, pretend = 0, frame = 0
 705              		@ frame_needed = 0, uses_anonymous_args = 0
 706              		@ link register save eliminated.
 707 0000 90F82420 		ldrb	r2, [r0, #36]	@ zero_extendqisi2
 708 0004 012A     		cmp	r2, #1
 709 0006 0346     		mov	r3, r0
 710 0008 14D0     		beq	.L135
 711 000a 90F82520 		ldrb	r2, [r0, #37]	@ zero_extendqisi2
 712 000e 4FF0010C 		mov	ip, #1
 713 0012 6245     		cmp	r2, ip
 714 0014 80F824C0 		strb	ip, [r0, #36]
 715 0018 D0B2     		uxtb	r0, r2
 716 001a 04D0     		beq	.L138
 717 001c 6046     		mov	r0, ip
 718              	.L128:
 719 001e 0022     		movs	r2, #0
 720 0020 83F82420 		strb	r2, [r3, #36]
 721 0024 7047     		bx	lr
 722              	.L138:
 723 0026 0429     		cmp	r1, #4
 724 0028 F9D8     		bhi	.L128
 725 002a DFE801F0 		tbb	[pc, r1]
 726              	.L130:
 727 002e 0B       		.byte	(.L134-.L130)/2
 728 002f 0F       		.byte	(.L133-.L130)/2
 729 0030 12       		.byte	(.L132-.L130)/2
 730 0031 15       		.byte	(.L131-.L130)/2
 731 0032 05       		.byte	(.L129-.L130)/2
 732 0033 00       		.p2align 1
 733              	.L135:
 734 0034 0220     		movs	r0, #2
 735 0036 7047     		bx	lr
 736              	.L129:
 737 0038 0020     		movs	r0, #0
 738 003a C3E90B00 		strd	r0, r0, [r3, #44]
 739 003e C3E90D00 		strd	r0, r0, [r3, #52]
 740 0042 ECE7     		b	.L128
 741              	.L134:
 742 0044 0022     		movs	r2, #0
 743 0046 DA62     		str	r2, [r3, #44]
 744 0048 0846     		mov	r0, r1
 745 004a E8E7     		b	.L128
 746              	.L133:
 747 004c 0020     		movs	r0, #0
 748 004e 1863     		str	r0, [r3, #48]
 749 0050 E5E7     		b	.L128
 750              	.L132:
 751 0052 0020     		movs	r0, #0
 752 0054 5863     		str	r0, [r3, #52]
 753 0056 E2E7     		b	.L128
 754              	.L131:
 755 0058 0020     		movs	r0, #0
 756 005a 9863     		str	r0, [r3, #56]
 757 005c DFE7     		b	.L128
 759 005e 00BF     		.section	.text.HAL_DMA_GetState,"ax",%progbits
 760              		.align	1
 761              		.p2align 2,,3
ARM GAS  /tmp/ccc8WyyC.s 			page 14


 762              		.global	HAL_DMA_GetState
 763              		.syntax unified
 764              		.thumb
 765              		.thumb_func
 766              		.fpu fpv4-sp-d16
 768              	HAL_DMA_GetState:
 769              		@ args = 0, pretend = 0, frame = 0
 770              		@ frame_needed = 0, uses_anonymous_args = 0
 771              		@ link register save eliminated.
 772 0000 90F82500 		ldrb	r0, [r0, #37]	@ zero_extendqisi2
 773 0004 7047     		bx	lr
 775 0006 00BF     		.section	.text.HAL_DMA_GetError,"ax",%progbits
 776              		.align	1
 777              		.p2align 2,,3
 778              		.global	HAL_DMA_GetError
 779              		.syntax unified
 780              		.thumb
 781              		.thumb_func
 782              		.fpu fpv4-sp-d16
 784              	HAL_DMA_GetError:
 785              		@ args = 0, pretend = 0, frame = 0
 786              		@ frame_needed = 0, uses_anonymous_args = 0
 787              		@ link register save eliminated.
 788 0000 C06B     		ldr	r0, [r0, #60]
 789 0002 7047     		bx	lr
 791              		.ident	"GCC: (Arch Repository) 11.2.0"
ARM GAS  /tmp/ccc8WyyC.s 			page 15


DEFINED SYMBOLS
                            *ABS*:0000000000000000 stm32l4xx_hal_dma.c
     /tmp/ccc8WyyC.s:16     .text.HAL_DMA_Init:0000000000000000 $t
     /tmp/ccc8WyyC.s:25     .text.HAL_DMA_Init:0000000000000000 HAL_DMA_Init
     /tmp/ccc8WyyC.s:114    .text.HAL_DMA_Init:00000000000000c0 $d
     /tmp/ccc8WyyC.s:122    .text.HAL_DMA_DeInit:0000000000000000 $t
     /tmp/ccc8WyyC.s:130    .text.HAL_DMA_DeInit:0000000000000000 HAL_DMA_DeInit
     /tmp/ccc8WyyC.s:203    .text.HAL_DMA_DeInit:00000000000000a4 $d
     /tmp/ccc8WyyC.s:211    .text.HAL_DMA_Start:0000000000000000 $t
     /tmp/ccc8WyyC.s:219    .text.HAL_DMA_Start:0000000000000000 HAL_DMA_Start
     /tmp/ccc8WyyC.s:272    .text.HAL_DMA_Start_IT:0000000000000000 $t
     /tmp/ccc8WyyC.s:280    .text.HAL_DMA_Start_IT:0000000000000000 HAL_DMA_Start_IT
     /tmp/ccc8WyyC.s:347    .text.HAL_DMA_Abort:0000000000000000 $t
     /tmp/ccc8WyyC.s:355    .text.HAL_DMA_Abort:0000000000000000 HAL_DMA_Abort
     /tmp/ccc8WyyC.s:390    .text.HAL_DMA_Abort_IT:0000000000000000 $t
     /tmp/ccc8WyyC.s:398    .text.HAL_DMA_Abort_IT:0000000000000000 HAL_DMA_Abort_IT
     /tmp/ccc8WyyC.s:436    .text.HAL_DMA_PollForTransfer:0000000000000000 $t
     /tmp/ccc8WyyC.s:444    .text.HAL_DMA_PollForTransfer:0000000000000000 HAL_DMA_PollForTransfer
     /tmp/ccc8WyyC.s:551    .text.HAL_DMA_IRQHandler:0000000000000000 $t
     /tmp/ccc8WyyC.s:559    .text.HAL_DMA_IRQHandler:0000000000000000 HAL_DMA_IRQHandler
     /tmp/ccc8WyyC.s:638    .text.HAL_DMA_RegisterCallback:0000000000000000 $t
     /tmp/ccc8WyyC.s:646    .text.HAL_DMA_RegisterCallback:0000000000000000 HAL_DMA_RegisterCallback
     /tmp/ccc8WyyC.s:668    .text.HAL_DMA_RegisterCallback:000000000000002a $d
     /tmp/ccc8WyyC.s:672    .text.HAL_DMA_RegisterCallback:000000000000002e $t
     /tmp/ccc8WyyC.s:695    .text.HAL_DMA_UnRegisterCallback:0000000000000000 $t
     /tmp/ccc8WyyC.s:703    .text.HAL_DMA_UnRegisterCallback:0000000000000000 HAL_DMA_UnRegisterCallback
     /tmp/ccc8WyyC.s:727    .text.HAL_DMA_UnRegisterCallback:000000000000002e $d
     /tmp/ccc8WyyC.s:760    .text.HAL_DMA_GetState:0000000000000000 $t
     /tmp/ccc8WyyC.s:768    .text.HAL_DMA_GetState:0000000000000000 HAL_DMA_GetState
     /tmp/ccc8WyyC.s:776    .text.HAL_DMA_GetError:0000000000000000 $t
     /tmp/ccc8WyyC.s:784    .text.HAL_DMA_GetError:0000000000000000 HAL_DMA_GetError
     /tmp/ccc8WyyC.s:732    .text.HAL_DMA_UnRegisterCallback:0000000000000033 $d
     /tmp/ccc8WyyC.s:732    .text.HAL_DMA_UnRegisterCallback:0000000000000034 $t

UNDEFINED SYMBOLS
HAL_GetTick
