ARM GAS  /tmp/ccrEyYjn.s 			page 1


   1              		.cpu cortex-m4
   2              		.eabi_attribute 27, 1
   3              		.eabi_attribute 28, 1
   4              		.eabi_attribute 20, 1
   5              		.eabi_attribute 21, 1
   6              		.eabi_attribute 23, 3
   7              		.eabi_attribute 24, 1
   8              		.eabi_attribute 25, 1
   9              		.eabi_attribute 26, 1
  10              		.eabi_attribute 30, 2
  11              		.eabi_attribute 34, 1
  12              		.eabi_attribute 18, 4
  13              		.file	"stm32l4xx_hal_msp.c"
  14              		.text
  15              		.section	.text.HAL_MspInit,"ax",%progbits
  16              		.align	1
  17              		.p2align 2,,3
  18              		.global	HAL_MspInit
  19              		.arch armv7e-m
  20              		.syntax unified
  21              		.thumb
  22              		.thumb_func
  23              		.fpu fpv4-sp-d16
  25              	HAL_MspInit:
  26              		@ args = 0, pretend = 0, frame = 8
  27              		@ frame_needed = 0, uses_anonymous_args = 0
  28              		@ link register save eliminated.
  29 0000 0A4B     		ldr	r3, .L4
  30 0002 1A6E     		ldr	r2, [r3, #96]
  31 0004 42F00102 		orr	r2, r2, #1
  32 0008 1A66     		str	r2, [r3, #96]
  33 000a 1A6E     		ldr	r2, [r3, #96]
  34 000c 82B0     		sub	sp, sp, #8
  35 000e 02F00102 		and	r2, r2, #1
  36 0012 0092     		str	r2, [sp]
  37 0014 009A     		ldr	r2, [sp]
  38 0016 9A6D     		ldr	r2, [r3, #88]
  39 0018 42F08052 		orr	r2, r2, #268435456
  40 001c 9A65     		str	r2, [r3, #88]
  41 001e 9B6D     		ldr	r3, [r3, #88]
  42 0020 03F08053 		and	r3, r3, #268435456
  43 0024 0193     		str	r3, [sp, #4]
  44 0026 019B     		ldr	r3, [sp, #4]
  45 0028 02B0     		add	sp, sp, #8
  46              		@ sp needed
  47 002a 7047     		bx	lr
  48              	.L5:
  49              		.align	2
  50              	.L4:
  51 002c 00100240 		.word	1073876992
  53              		.ident	"GCC: (Arch Repository) 11.2.0"
ARM GAS  /tmp/ccrEyYjn.s 			page 2


DEFINED SYMBOLS
                            *ABS*:0000000000000000 stm32l4xx_hal_msp.c
     /tmp/ccrEyYjn.s:16     .text.HAL_MspInit:0000000000000000 $t
     /tmp/ccrEyYjn.s:25     .text.HAL_MspInit:0000000000000000 HAL_MspInit
     /tmp/ccrEyYjn.s:51     .text.HAL_MspInit:000000000000002c $d

NO UNDEFINED SYMBOLS
