ARM GAS  /tmp/ccsrfFD3.s 			page 1


   1              		.cpu cortex-m4
   2              		.eabi_attribute 27, 1
   3              		.eabi_attribute 28, 1
   4              		.eabi_attribute 20, 1
   5              		.eabi_attribute 21, 1
   6              		.eabi_attribute 23, 3
   7              		.eabi_attribute 24, 1
   8              		.eabi_attribute 25, 1
   9              		.eabi_attribute 26, 1
  10              		.eabi_attribute 30, 2
  11              		.eabi_attribute 34, 1
  12              		.eabi_attribute 18, 4
  13              		.file	"system_stm32l4xx.c"
  14              		.text
  15              		.section	.text.SystemInit,"ax",%progbits
  16              		.align	1
  17              		.p2align 2,,3
  18              		.global	SystemInit
  19              		.arch armv7e-m
  20              		.syntax unified
  21              		.thumb
  22              		.thumb_func
  23              		.fpu fpv4-sp-d16
  25              	SystemInit:
  26              		@ args = 0, pretend = 0, frame = 0
  27              		@ frame_needed = 0, uses_anonymous_args = 0
  28              		@ link register save eliminated.
  29 0000 034A     		ldr	r2, .L3
  30 0002 D2F88830 		ldr	r3, [r2, #136]
  31 0006 43F47003 		orr	r3, r3, #15728640
  32 000a C2F88830 		str	r3, [r2, #136]
  33 000e 7047     		bx	lr
  34              	.L4:
  35              		.align	2
  36              	.L3:
  37 0010 00ED00E0 		.word	-536810240
  39              		.section	.text.SystemCoreClockUpdate,"ax",%progbits
  40              		.align	1
  41              		.p2align 2,,3
  42              		.global	SystemCoreClockUpdate
  43              		.syntax unified
  44              		.thumb
  45              		.thumb_func
  46              		.fpu fpv4-sp-d16
  48              	SystemCoreClockUpdate:
  49              		@ args = 0, pretend = 0, frame = 0
  50              		@ frame_needed = 0, uses_anonymous_args = 0
  51              		@ link register save eliminated.
  52 0000 254B     		ldr	r3, .L17
  53 0002 2549     		ldr	r1, .L17
  54 0004 1A68     		ldr	r2, [r3]
  55 0006 2548     		ldr	r0, .L17+4
  56 0008 1207     		lsls	r2, r2, #28
  57 000a 54BF     		ite	pl
  58 000c D3F89430 		ldrpl	r3, [r3, #148]
  59 0010 1B68     		ldrmi	r3, [r3]
  60 0012 8A68     		ldr	r2, [r1, #8]
ARM GAS  /tmp/ccsrfFD3.s 			page 2


  61 0014 54BF     		ite	pl
  62 0016 C3F30323 		ubfxpl	r3, r3, #8, #4
  63 001a C3F30313 		ubfxmi	r3, r3, #4, #4
  64 001e 02F00C02 		and	r2, r2, #12
  65 0022 082A     		cmp	r2, #8
  66 0024 50F82330 		ldr	r3, [r0, r3, lsl #2]
  67 0028 0FD0     		beq	.L14
  68 002a 0C2A     		cmp	r2, #12
  69 002c 0FD0     		beq	.L9
  70 002e 1C49     		ldr	r1, .L17+8
  71 0030 042A     		cmp	r2, #4
  72 0032 08BF     		it	eq
  73 0034 0B46     		moveq	r3, r1
  74              	.L8:
  75 0036 184A     		ldr	r2, .L17
  76 0038 1A48     		ldr	r0, .L17+12
  77 003a 9268     		ldr	r2, [r2, #8]
  78 003c 1A49     		ldr	r1, .L17+16
  79 003e C2F30312 		ubfx	r2, r2, #4, #4
  80 0042 825C     		ldrb	r2, [r0, r2]	@ zero_extendqisi2
  81 0044 D340     		lsrs	r3, r3, r2
  82 0046 0B60     		str	r3, [r1]
  83 0048 7047     		bx	lr
  84              	.L14:
  85 004a 184B     		ldr	r3, .L17+20
  86 004c F3E7     		b	.L8
  87              	.L9:
  88 004e C868     		ldr	r0, [r1, #12]
  89 0050 CA68     		ldr	r2, [r1, #12]
  90 0052 00F00301 		and	r1, r0, #3
  91 0056 C2F30212 		ubfx	r2, r2, #4, #3
  92 005a 0229     		cmp	r1, #2
  93 005c 02F10102 		add	r2, r2, #1
  94 0060 15D0     		beq	.L10
  95 0062 0329     		cmp	r1, #3
  96 0064 10D1     		bne	.L16
  97 0066 1149     		ldr	r1, .L17+20
  98 0068 B1FBF2F1 		udiv	r1, r1, r2
  99              	.L13:
 100 006c 0A4A     		ldr	r2, .L17
 101 006e D368     		ldr	r3, [r2, #12]
 102 0070 D268     		ldr	r2, [r2, #12]
 103 0072 C2F34162 		ubfx	r2, r2, #25, #2
 104 0076 C3F30623 		ubfx	r3, r3, #8, #7
 105 007a 0132     		adds	r2, r2, #1
 106 007c 01FB03F3 		mul	r3, r1, r3
 107 0080 5200     		lsls	r2, r2, #1
 108 0082 B3FBF2F3 		udiv	r3, r3, r2
 109 0086 D6E7     		b	.L8
 110              	.L16:
 111 0088 B3FBF2F1 		udiv	r1, r3, r2
 112 008c EEE7     		b	.L13
 113              	.L10:
 114 008e 0449     		ldr	r1, .L17+8
 115 0090 B1FBF2F1 		udiv	r1, r1, r2
 116 0094 EAE7     		b	.L13
 117              	.L18:
ARM GAS  /tmp/ccsrfFD3.s 			page 3


 118 0096 00BF     		.align	2
 119              	.L17:
 120 0098 00100240 		.word	1073876992
 121 009c 00000000 		.word	.LANCHOR0
 122 00a0 0024F400 		.word	16000000
 123 00a4 00000000 		.word	.LANCHOR2
 124 00a8 00000000 		.word	.LANCHOR1
 125 00ac 00127A00 		.word	8000000
 127              		.global	MSIRangeTable
 128              		.global	APBPrescTable
 129              		.global	AHBPrescTable
 130              		.global	SystemCoreClock
 131              		.section	.data.SystemCoreClock,"aw"
 132              		.align	2
 133              		.set	.LANCHOR1,. + 0
 136              	SystemCoreClock:
 137 0000 00093D00 		.word	4000000
 138              		.section	.rodata.AHBPrescTable,"a"
 139              		.align	2
 140              		.set	.LANCHOR2,. + 0
 143              	AHBPrescTable:
 144 0000 00000000 		.ascii	"\000\000\000\000\000\000\000\000\001\002\003\004\006"
 144      00000000 
 144      01020304 
 144      06
 145 000d 070809   		.ascii	"\007\010\011"
 146              		.section	.rodata.APBPrescTable,"a"
 147              		.align	2
 150              	APBPrescTable:
 151 0000 00000000 		.ascii	"\000\000\000\000\001\002\003\004"
 151      01020304 
 152              		.section	.rodata.MSIRangeTable,"a"
 153              		.align	2
 154              		.set	.LANCHOR0,. + 0
 157              	MSIRangeTable:
 158 0000 A0860100 		.word	100000
 159 0004 400D0300 		.word	200000
 160 0008 801A0600 		.word	400000
 161 000c 00350C00 		.word	800000
 162 0010 40420F00 		.word	1000000
 163 0014 80841E00 		.word	2000000
 164 0018 00093D00 		.word	4000000
 165 001c 00127A00 		.word	8000000
 166 0020 0024F400 		.word	16000000
 167 0024 00366E01 		.word	24000000
 168 0028 0048E801 		.word	32000000
 169 002c 006CDC02 		.word	48000000
 170              		.ident	"GCC: (Arch Repository) 11.2.0"
ARM GAS  /tmp/ccsrfFD3.s 			page 4


DEFINED SYMBOLS
                            *ABS*:0000000000000000 system_stm32l4xx.c
     /tmp/ccsrfFD3.s:16     .text.SystemInit:0000000000000000 $t
     /tmp/ccsrfFD3.s:25     .text.SystemInit:0000000000000000 SystemInit
     /tmp/ccsrfFD3.s:37     .text.SystemInit:0000000000000010 $d
     /tmp/ccsrfFD3.s:40     .text.SystemCoreClockUpdate:0000000000000000 $t
     /tmp/ccsrfFD3.s:48     .text.SystemCoreClockUpdate:0000000000000000 SystemCoreClockUpdate
     /tmp/ccsrfFD3.s:120    .text.SystemCoreClockUpdate:0000000000000098 $d
     /tmp/ccsrfFD3.s:157    .rodata.MSIRangeTable:0000000000000000 MSIRangeTable
     /tmp/ccsrfFD3.s:150    .rodata.APBPrescTable:0000000000000000 APBPrescTable
     /tmp/ccsrfFD3.s:143    .rodata.AHBPrescTable:0000000000000000 AHBPrescTable
     /tmp/ccsrfFD3.s:136    .data.SystemCoreClock:0000000000000000 SystemCoreClock
     /tmp/ccsrfFD3.s:132    .data.SystemCoreClock:0000000000000000 $d
     /tmp/ccsrfFD3.s:139    .rodata.AHBPrescTable:0000000000000000 $d
     /tmp/ccsrfFD3.s:147    .rodata.APBPrescTable:0000000000000000 $d
     /tmp/ccsrfFD3.s:153    .rodata.MSIRangeTable:0000000000000000 $d

NO UNDEFINED SYMBOLS
