ARM GAS  /tmp/ccegoR3W.s 			page 1


   1              		.cpu cortex-m4
   2              		.eabi_attribute 27, 1
   3              		.eabi_attribute 28, 1
   4              		.eabi_attribute 20, 1
   5              		.eabi_attribute 21, 1
   6              		.eabi_attribute 23, 3
   7              		.eabi_attribute 24, 1
   8              		.eabi_attribute 25, 1
   9              		.eabi_attribute 26, 1
  10              		.eabi_attribute 30, 2
  11              		.eabi_attribute 34, 1
  12              		.eabi_attribute 18, 4
  13              		.file	"tim.c"
  14              		.text
  15              		.section	.text.MX_TIM2_Init,"ax",%progbits
  16              		.align	1
  17              		.p2align 2,,3
  18              		.global	MX_TIM2_Init
  19              		.arch armv7e-m
  20              		.syntax unified
  21              		.thumb
  22              		.thumb_func
  23              		.fpu fpv4-sp-d16
  25              	MX_TIM2_Init:
  26              		@ args = 0, pretend = 0, frame = 88
  27              		@ frame_needed = 0, uses_anonymous_args = 0
  28 0000 10B5     		push	{r4, lr}
  29 0002 3F4C     		ldr	r4, .L31+16
  30 0004 96B0     		sub	sp, sp, #88
  31 0006 0023     		movs	r3, #0
  32 0008 CDE90433 		strd	r3, r3, [sp, #16]
  33 000c CDE90633 		strd	r3, r3, [sp, #24]
  34 0010 CDE90133 		strd	r3, r3, [sp, #4]
  35 0014 CDE90E33 		strd	r3, r3, [sp, #56]
  36 0018 CDE91033 		strd	r3, r3, [sp, #64]
  37 001c CDE91233 		strd	r3, r3, [sp, #72]
  38 0020 0393     		str	r3, [sp, #12]
  39 0022 1493     		str	r3, [sp, #80]
  40 0024 A360     		str	r3, [r4, #8]
  41 0026 2361     		str	r3, [r4, #16]
  42 0028 A361     		str	r3, [r4, #24]
  43 002a 4FF08042 		mov	r2, #1073741824
  44 002e 4F23     		movs	r3, #79
  45 0030 C4E90023 		strd	r2, r3, [r4]
  46 0034 2046     		mov	r0, r4
  47 0036 42F20F73 		movw	r3, #9999
  48 003a E360     		str	r3, [r4, #12]
  49 003c FFF7FEFF 		bl	HAL_TIM_Base_Init
  50 0040 58BB     		cbnz	r0, .L25
  51              	.L2:
  52 0042 4FF48053 		mov	r3, #4096
  53 0046 2E48     		ldr	r0, .L31+16
  54 0048 0493     		str	r3, [sp, #16]
  55 004a 04A9     		add	r1, sp, #16
  56 004c FFF7FEFF 		bl	HAL_TIM_ConfigClockSource
  57 0050 78BB     		cbnz	r0, .L26
  58              	.L3:
ARM GAS  /tmp/ccegoR3W.s 			page 2


  59 0052 2B48     		ldr	r0, .L31+16
  60 0054 FFF7FEFF 		bl	HAL_TIM_PWM_Init
  61 0058 40BB     		cbnz	r0, .L27
  62              	.L4:
  63 005a 0023     		movs	r3, #0
  64 005c 2848     		ldr	r0, .L31+16
  65 005e 0193     		str	r3, [sp, #4]
  66 0060 01A9     		add	r1, sp, #4
  67 0062 0393     		str	r3, [sp, #12]
  68 0064 FFF7FEFF 		bl	HAL_TIMEx_MasterConfigSynchronization
  69 0068 E8B9     		cbnz	r0, .L28
  70              	.L5:
  71 006a 9FED217B 		vldr.64	d7, .L31	@ int
  72 006e 0022     		movs	r2, #0
  73 0070 2348     		ldr	r0, .L31+16
  74 0072 1092     		str	r2, [sp, #64]
  75 0074 0EA9     		add	r1, sp, #56
  76 0076 8DED0E7B 		vstr.64	d7, [sp, #56]	@ int
  77 007a 1292     		str	r2, [sp, #72]
  78 007c FFF7FEFF 		bl	HAL_TIM_PWM_ConfigChannel
  79 0080 70B9     		cbnz	r0, .L29
  80              	.L6:
  81 0082 2268     		ldr	r2, [r4]
  82 0084 0023     		movs	r3, #0
  83 0086 B2F1804F 		cmp	r2, #1073741824
  84 008a CDE90833 		strd	r3, r3, [sp, #32]
  85 008e CDE90A33 		strd	r3, r3, [sp, #40]
  86 0092 0C93     		str	r3, [sp, #48]
  87 0094 10D0     		beq	.L30
  88 0096 16B0     		add	sp, sp, #88
  89              		@ sp needed
  90 0098 10BD     		pop	{r4, pc}
  91              	.L25:
  92 009a FFF7FEFF 		bl	Error_Handler
  93 009e D0E7     		b	.L2
  94              	.L29:
  95 00a0 FFF7FEFF 		bl	Error_Handler
  96 00a4 EDE7     		b	.L6
  97              	.L28:
  98 00a6 FFF7FEFF 		bl	Error_Handler
  99 00aa DEE7     		b	.L5
 100              	.L27:
 101 00ac FFF7FEFF 		bl	Error_Handler
 102 00b0 D3E7     		b	.L4
 103              	.L26:
 104 00b2 FFF7FEFF 		bl	Error_Handler
 105 00b6 CCE7     		b	.L3
 106              	.L30:
 107 00b8 03F18043 		add	r3, r3, #1073741824
 108 00bc 03F50433 		add	r3, r3, #135168
 109 00c0 9FED0D7B 		vldr.64	d7, .L31+8	@ int
 110 00c4 DA6C     		ldr	r2, [r3, #76]
 111 00c6 42F00102 		orr	r2, r2, #1
 112 00ca DA64     		str	r2, [r3, #76]
 113 00cc DB6C     		ldr	r3, [r3, #76]
 114 00ce 03F00103 		and	r3, r3, #1
 115 00d2 0093     		str	r3, [sp]
ARM GAS  /tmp/ccegoR3W.s 			page 3


 116 00d4 08A9     		add	r1, sp, #32
 117 00d6 0123     		movs	r3, #1
 118 00d8 4FF09040 		mov	r0, #1207959552
 119 00dc 8DED087B 		vstr.64	d7, [sp, #32]	@ int
 120 00e0 009A     		ldr	r2, [sp]
 121 00e2 0C93     		str	r3, [sp, #48]
 122 00e4 FFF7FEFF 		bl	HAL_GPIO_Init
 123 00e8 16B0     		add	sp, sp, #88
 124              		@ sp needed
 125 00ea 10BD     		pop	{r4, pc}
 126              	.L32:
 127 00ec AFF30080 		.align	3
 128              	.L31:
 129 00f0 60000000 		.word	96
 130 00f4 00000000 		.word	0
 131 00f8 01000000 		.word	1
 132 00fc 02000000 		.word	2
 133 0100 00000000 		.word	.LANCHOR0
 135              		.section	.text.HAL_TIM_Base_MspInit,"ax",%progbits
 136              		.align	1
 137              		.p2align 2,,3
 138              		.global	HAL_TIM_Base_MspInit
 139              		.syntax unified
 140              		.thumb
 141              		.thumb_func
 142              		.fpu fpv4-sp-d16
 144              	HAL_TIM_Base_MspInit:
 145              		@ args = 0, pretend = 0, frame = 8
 146              		@ frame_needed = 0, uses_anonymous_args = 0
 147 0000 0368     		ldr	r3, [r0]
 148 0002 B3F1804F 		cmp	r3, #1073741824
 149 0006 00D0     		beq	.L38
 150 0008 7047     		bx	lr
 151              	.L38:
 152 000a 03F50433 		add	r3, r3, #135168
 153 000e 00B5     		push	{lr}
 154 0010 996D     		ldr	r1, [r3, #88]
 155 0012 41F00101 		orr	r1, r1, #1
 156 0016 9965     		str	r1, [r3, #88]
 157 0018 9B6D     		ldr	r3, [r3, #88]
 158 001a 83B0     		sub	sp, sp, #12
 159 001c 0022     		movs	r2, #0
 160 001e 03F00103 		and	r3, r3, #1
 161 0022 0193     		str	r3, [sp, #4]
 162 0024 1C20     		movs	r0, #28
 163 0026 1146     		mov	r1, r2
 164 0028 019B     		ldr	r3, [sp, #4]
 165 002a FFF7FEFF 		bl	HAL_NVIC_SetPriority
 166 002e 1C20     		movs	r0, #28
 167 0030 03B0     		add	sp, sp, #12
 168              		@ sp needed
 169 0032 5DF804EB 		ldr	lr, [sp], #4
 170 0036 FFF7FEBF 		b	HAL_NVIC_EnableIRQ
 172              		.section	.text.HAL_TIM_MspPostInit,"ax",%progbits
 173              		.align	1
 174              		.p2align 2,,3
 175              		.global	HAL_TIM_MspPostInit
ARM GAS  /tmp/ccegoR3W.s 			page 4


 176              		.syntax unified
 177              		.thumb
 178              		.thumb_func
 179              		.fpu fpv4-sp-d16
 181              	HAL_TIM_MspPostInit:
 182              		@ args = 0, pretend = 0, frame = 32
 183              		@ frame_needed = 0, uses_anonymous_args = 0
 184 0000 00B5     		push	{lr}
 185 0002 0268     		ldr	r2, [r0]
 186 0004 89B0     		sub	sp, sp, #36
 187 0006 0023     		movs	r3, #0
 188 0008 B2F1804F 		cmp	r2, #1073741824
 189 000c CDE90233 		strd	r3, r3, [sp, #8]
 190 0010 CDE90433 		strd	r3, r3, [sp, #16]
 191 0014 0693     		str	r3, [sp, #24]
 192 0016 02D0     		beq	.L42
 193 0018 09B0     		add	sp, sp, #36
 194              		@ sp needed
 195 001a 5DF804FB 		ldr	pc, [sp], #4
 196              	.L42:
 197 001e 03F18043 		add	r3, r3, #1073741824
 198 0022 03F50433 		add	r3, r3, #135168
 199 0026 9FED0C7B 		vldr.64	d7, .L43	@ int
 200 002a DA6C     		ldr	r2, [r3, #76]
 201 002c 42F00102 		orr	r2, r2, #1
 202 0030 DA64     		str	r2, [r3, #76]
 203 0032 DB6C     		ldr	r3, [r3, #76]
 204 0034 03F00103 		and	r3, r3, #1
 205 0038 0193     		str	r3, [sp, #4]
 206 003a 02A9     		add	r1, sp, #8
 207 003c 0123     		movs	r3, #1
 208 003e 4FF09040 		mov	r0, #1207959552
 209 0042 8DED027B 		vstr.64	d7, [sp, #8]	@ int
 210 0046 019A     		ldr	r2, [sp, #4]
 211 0048 0693     		str	r3, [sp, #24]
 212 004a FFF7FEFF 		bl	HAL_GPIO_Init
 213 004e 09B0     		add	sp, sp, #36
 214              		@ sp needed
 215 0050 5DF804FB 		ldr	pc, [sp], #4
 216              	.L44:
 217 0054 AFF30080 		.align	3
 218              	.L43:
 219 0058 01000000 		.word	1
 220 005c 02000000 		.word	2
 222              		.section	.text.HAL_TIM_Base_MspDeInit,"ax",%progbits
 223              		.align	1
 224              		.p2align 2,,3
 225              		.global	HAL_TIM_Base_MspDeInit
 226              		.syntax unified
 227              		.thumb
 228              		.thumb_func
 229              		.fpu fpv4-sp-d16
 231              	HAL_TIM_Base_MspDeInit:
 232              		@ args = 0, pretend = 0, frame = 0
 233              		@ frame_needed = 0, uses_anonymous_args = 0
 234              		@ link register save eliminated.
 235 0000 0368     		ldr	r3, [r0]
ARM GAS  /tmp/ccegoR3W.s 			page 5


 236 0002 B3F1804F 		cmp	r3, #1073741824
 237 0006 00D0     		beq	.L47
 238 0008 7047     		bx	lr
 239              	.L47:
 240 000a 044A     		ldr	r2, .L48
 241 000c 936D     		ldr	r3, [r2, #88]
 242 000e 23F00103 		bic	r3, r3, #1
 243 0012 1C20     		movs	r0, #28
 244 0014 9365     		str	r3, [r2, #88]
 245 0016 FFF7FEBF 		b	HAL_NVIC_DisableIRQ
 246              	.L49:
 247 001a 00BF     		.align	2
 248              	.L48:
 249 001c 00100240 		.word	1073876992
 251              		.section	.text.HAL_TIM_PeriodElapsedCallback,"ax",%progbits
 252              		.align	1
 253              		.p2align 2,,3
 254              		.global	HAL_TIM_PeriodElapsedCallback
 255              		.syntax unified
 256              		.thumb
 257              		.thumb_func
 258              		.fpu fpv4-sp-d16
 260              	HAL_TIM_PeriodElapsedCallback:
 261              		@ args = 0, pretend = 0, frame = 0
 262              		@ frame_needed = 0, uses_anonymous_args = 0
 263              		@ link register save eliminated.
 264 0000 30B4     		push	{r4, r5}
 265 0002 1449     		ldr	r1, .L60
 266 0004 144B     		ldr	r3, .L60+4
 267 0006 0A78     		ldrb	r2, [r1]	@ zero_extendqisi2
 268 0008 1B78     		ldrb	r3, [r3]	@ zero_extendqisi2
 269 000a 1448     		ldr	r0, .L60+8
 270 000c 9342     		cmp	r3, r2
 271 000e 0468     		ldr	r4, [r0]
 272 0010 1CD0     		beq	.L58
 273 0012 1348     		ldr	r0, .L60+12
 274 0014 0378     		ldrb	r3, [r0]	@ zero_extendqisi2
 275 0016 8BB1     		cbz	r3, .L59
 276 0018 124D     		ldr	r5, .L60+16
 277 001a 013B     		subs	r3, r3, #1
 278 001c 0121     		movs	r1, #1
 279 001e 2A78     		ldrb	r2, [r5]	@ zero_extendqisi2
 280 0020 9940     		lsls	r1, r1, r3
 281 0022 DBB2     		uxtb	r3, r3
 282              	.L54:
 283 0024 0A42     		tst	r2, r1
 284 0026 41F64C51 		movw	r1, #7500
 285 002a 2A70     		strb	r2, [r5]
 286 002c 0370     		strb	r3, [r0]
 287 002e 40F6C412 		movw	r2, #2500
 288 0032 08BF     		it	eq
 289 0034 0A46     		moveq	r2, r1
 290 0036 6263     		str	r2, [r4, #52]
 291 0038 30BC     		pop	{r4, r5}
 292 003a 7047     		bx	lr
 293              	.L59:
 294 003c 531C     		adds	r3, r2, #1
ARM GAS  /tmp/ccegoR3W.s 			page 6


 295 003e 0B70     		strb	r3, [r1]
 296 0040 0949     		ldr	r1, .L60+20
 297 0042 084D     		ldr	r5, .L60+16
 298 0044 8A5C     		ldrb	r2, [r1, r2]	@ zero_extendqisi2
 299 0046 0723     		movs	r3, #7
 300 0048 8021     		movs	r1, #128
 301 004a EBE7     		b	.L54
 302              	.L58:
 303 004c 0023     		movs	r3, #0
 304 004e 6363     		str	r3, [r4, #52]
 305 0050 30BC     		pop	{r4, r5}
 306 0052 7047     		bx	lr
 307              	.L61:
 308              		.align	2
 309              	.L60:
 310 0054 00000000 		.word	qfront
 311 0058 00000000 		.word	qback
 312 005c 00000000 		.word	.LANCHOR0
 313 0060 00000000 		.word	.LANCHOR1
 314 0064 00000000 		.word	.LANCHOR2
 315 0068 00000000 		.word	queue
 317              		.global	htim2
 318              		.section	.bss.bit_idx.1,"aw",%nobits
 319              		.set	.LANCHOR1,. + 0
 322              	bit_idx.1:
 323 0000 00       		.space	1
 324              		.section	.bss.htim2,"aw",%nobits
 325              		.align	2
 326              		.set	.LANCHOR0,. + 0
 329              	htim2:
 330 0000 00000000 		.space	76
 330      00000000 
 330      00000000 
 330      00000000 
 330      00000000 
 331              		.section	.bss.tmp.0,"aw",%nobits
 332              		.set	.LANCHOR2,. + 0
 335              	tmp.0:
 336 0000 00       		.space	1
 337              		.ident	"GCC: (Arch Repository) 11.2.0"
ARM GAS  /tmp/ccegoR3W.s 			page 7


DEFINED SYMBOLS
                            *ABS*:0000000000000000 tim.c
     /tmp/ccegoR3W.s:16     .text.MX_TIM2_Init:0000000000000000 $t
     /tmp/ccegoR3W.s:25     .text.MX_TIM2_Init:0000000000000000 MX_TIM2_Init
     /tmp/ccegoR3W.s:129    .text.MX_TIM2_Init:00000000000000f0 $d
     /tmp/ccegoR3W.s:136    .text.HAL_TIM_Base_MspInit:0000000000000000 $t
     /tmp/ccegoR3W.s:144    .text.HAL_TIM_Base_MspInit:0000000000000000 HAL_TIM_Base_MspInit
     /tmp/ccegoR3W.s:173    .text.HAL_TIM_MspPostInit:0000000000000000 $t
     /tmp/ccegoR3W.s:181    .text.HAL_TIM_MspPostInit:0000000000000000 HAL_TIM_MspPostInit
     /tmp/ccegoR3W.s:219    .text.HAL_TIM_MspPostInit:0000000000000058 $d
     /tmp/ccegoR3W.s:223    .text.HAL_TIM_Base_MspDeInit:0000000000000000 $t
     /tmp/ccegoR3W.s:231    .text.HAL_TIM_Base_MspDeInit:0000000000000000 HAL_TIM_Base_MspDeInit
     /tmp/ccegoR3W.s:249    .text.HAL_TIM_Base_MspDeInit:000000000000001c $d
     /tmp/ccegoR3W.s:252    .text.HAL_TIM_PeriodElapsedCallback:0000000000000000 $t
     /tmp/ccegoR3W.s:260    .text.HAL_TIM_PeriodElapsedCallback:0000000000000000 HAL_TIM_PeriodElapsedCallback
     /tmp/ccegoR3W.s:310    .text.HAL_TIM_PeriodElapsedCallback:0000000000000054 $d
     /tmp/ccegoR3W.s:329    .bss.htim2:0000000000000000 htim2
     /tmp/ccegoR3W.s:322    .bss.bit_idx.1:0000000000000000 bit_idx.1
     /tmp/ccegoR3W.s:323    .bss.bit_idx.1:0000000000000000 $d
     /tmp/ccegoR3W.s:325    .bss.htim2:0000000000000000 $d
     /tmp/ccegoR3W.s:335    .bss.tmp.0:0000000000000000 tmp.0
     /tmp/ccegoR3W.s:336    .bss.tmp.0:0000000000000000 $d

UNDEFINED SYMBOLS
HAL_TIM_Base_Init
HAL_TIM_ConfigClockSource
HAL_TIM_PWM_Init
HAL_TIMEx_MasterConfigSynchronization
HAL_TIM_PWM_ConfigChannel
Error_Handler
HAL_GPIO_Init
HAL_NVIC_SetPriority
HAL_NVIC_EnableIRQ
HAL_NVIC_DisableIRQ
qfront
qback
queue
