ARM GAS  /tmp/cc6Umf5H.s 			page 1


   1              		.cpu cortex-m4
   2              		.eabi_attribute 27, 1
   3              		.eabi_attribute 28, 1
   4              		.eabi_attribute 20, 1
   5              		.eabi_attribute 21, 1
   6              		.eabi_attribute 23, 3
   7              		.eabi_attribute 24, 1
   8              		.eabi_attribute 25, 1
   9              		.eabi_attribute 26, 1
  10              		.eabi_attribute 30, 1
  11              		.eabi_attribute 34, 1
  12              		.eabi_attribute 18, 4
  13              		.file	"usart.c"
  14              		.text
  15              	.Ltext0:
  16              		.cfi_sections	.debug_frame
  17              		.section	.text.MX_USART2_UART_Init,"ax",%progbits
  18              		.align	1
  19              		.global	MX_USART2_UART_Init
  20              		.arch armv7e-m
  21              		.syntax unified
  22              		.thumb
  23              		.thumb_func
  24              		.fpu fpv4-sp-d16
  26              	MX_USART2_UART_Init:
  27              	.LFB317:
  28              		.file 1 "Core/Src/usart.c"
   1:Core/Src/usart.c **** /* USER CODE BEGIN Header */
   2:Core/Src/usart.c **** /**
   3:Core/Src/usart.c ****   ******************************************************************************
   4:Core/Src/usart.c ****   * @file    usart.c
   5:Core/Src/usart.c ****   * @brief   This file provides code for the configuration
   6:Core/Src/usart.c ****   *          of the USART instances.
   7:Core/Src/usart.c ****   ******************************************************************************
   8:Core/Src/usart.c ****   * @attention
   9:Core/Src/usart.c ****   *
  10:Core/Src/usart.c ****   * Copyright (c) 2022 STMicroelectronics.
  11:Core/Src/usart.c ****   * All rights reserved.
  12:Core/Src/usart.c ****   *
  13:Core/Src/usart.c ****   * This software is licensed under terms that can be found in the LICENSE file
  14:Core/Src/usart.c ****   * in the root directory of this software component.
  15:Core/Src/usart.c ****   * If no LICENSE file comes with this software, it is provided AS-IS.
  16:Core/Src/usart.c ****   *
  17:Core/Src/usart.c ****   ******************************************************************************
  18:Core/Src/usart.c ****   */
  19:Core/Src/usart.c **** /* USER CODE END Header */
  20:Core/Src/usart.c **** /* Includes ------------------------------------------------------------------*/
  21:Core/Src/usart.c **** #include "usart.h"
  22:Core/Src/usart.c **** 
  23:Core/Src/usart.c **** /* USER CODE BEGIN 0 */
  24:Core/Src/usart.c **** 
  25:Core/Src/usart.c **** /* USER CODE END 0 */
  26:Core/Src/usart.c **** 
  27:Core/Src/usart.c **** UART_HandleTypeDef huart2;
  28:Core/Src/usart.c **** 
  29:Core/Src/usart.c **** /* USART2 init function */
  30:Core/Src/usart.c **** 
ARM GAS  /tmp/cc6Umf5H.s 			page 2


  31:Core/Src/usart.c **** void MX_USART2_UART_Init(void)
  32:Core/Src/usart.c **** {
  29              		.loc 1 32 1 view -0
  30              		.cfi_startproc
  31              		@ args = 0, pretend = 0, frame = 0
  32              		@ frame_needed = 0, uses_anonymous_args = 0
  33 0000 08B5     		push	{r3, lr}
  34              	.LCFI0:
  35              		.cfi_def_cfa_offset 8
  36              		.cfi_offset 3, -8
  37              		.cfi_offset 14, -4
  33:Core/Src/usart.c **** 
  34:Core/Src/usart.c ****   /* USER CODE BEGIN USART2_Init 0 */
  35:Core/Src/usart.c **** 
  36:Core/Src/usart.c ****   /* USER CODE END USART2_Init 0 */
  37:Core/Src/usart.c **** 
  38:Core/Src/usart.c ****   /* USER CODE BEGIN USART2_Init 1 */
  39:Core/Src/usart.c **** 
  40:Core/Src/usart.c ****   /* USER CODE END USART2_Init 1 */
  41:Core/Src/usart.c ****   huart2.Instance = USART2;
  38              		.loc 1 41 3 view .LVU1
  39              		.loc 1 41 19 is_stmt 0 view .LVU2
  40 0002 0B48     		ldr	r0, .L5
  41 0004 0B4B     		ldr	r3, .L5+4
  42 0006 0360     		str	r3, [r0]
  42:Core/Src/usart.c ****   huart2.Init.BaudRate = 115200;
  43              		.loc 1 42 3 is_stmt 1 view .LVU3
  44              		.loc 1 42 24 is_stmt 0 view .LVU4
  45 0008 4FF4E133 		mov	r3, #115200
  46 000c 4360     		str	r3, [r0, #4]
  43:Core/Src/usart.c ****   huart2.Init.WordLength = UART_WORDLENGTH_8B;
  47              		.loc 1 43 3 is_stmt 1 view .LVU5
  48              		.loc 1 43 26 is_stmt 0 view .LVU6
  49 000e 0023     		movs	r3, #0
  50 0010 8360     		str	r3, [r0, #8]
  44:Core/Src/usart.c ****   huart2.Init.StopBits = UART_STOPBITS_1;
  51              		.loc 1 44 3 is_stmt 1 view .LVU7
  52              		.loc 1 44 24 is_stmt 0 view .LVU8
  53 0012 C360     		str	r3, [r0, #12]
  45:Core/Src/usart.c ****   huart2.Init.Parity = UART_PARITY_NONE;
  54              		.loc 1 45 3 is_stmt 1 view .LVU9
  55              		.loc 1 45 22 is_stmt 0 view .LVU10
  56 0014 0361     		str	r3, [r0, #16]
  46:Core/Src/usart.c ****   huart2.Init.Mode = UART_MODE_TX_RX;
  57              		.loc 1 46 3 is_stmt 1 view .LVU11
  58              		.loc 1 46 20 is_stmt 0 view .LVU12
  59 0016 0C22     		movs	r2, #12
  60 0018 4261     		str	r2, [r0, #20]
  47:Core/Src/usart.c ****   huart2.Init.HwFlowCtl = UART_HWCONTROL_NONE;
  61              		.loc 1 47 3 is_stmt 1 view .LVU13
  62              		.loc 1 47 25 is_stmt 0 view .LVU14
  63 001a 8361     		str	r3, [r0, #24]
  48:Core/Src/usart.c ****   huart2.Init.OverSampling = UART_OVERSAMPLING_16;
  64              		.loc 1 48 3 is_stmt 1 view .LVU15
  65              		.loc 1 48 28 is_stmt 0 view .LVU16
  66 001c C361     		str	r3, [r0, #28]
  49:Core/Src/usart.c ****   huart2.Init.OneBitSampling = UART_ONE_BIT_SAMPLE_DISABLE;
ARM GAS  /tmp/cc6Umf5H.s 			page 3


  67              		.loc 1 49 3 is_stmt 1 view .LVU17
  68              		.loc 1 49 30 is_stmt 0 view .LVU18
  69 001e 0362     		str	r3, [r0, #32]
  50:Core/Src/usart.c ****   huart2.AdvancedInit.AdvFeatureInit = UART_ADVFEATURE_NO_INIT;
  70              		.loc 1 50 3 is_stmt 1 view .LVU19
  71              		.loc 1 50 38 is_stmt 0 view .LVU20
  72 0020 4362     		str	r3, [r0, #36]
  51:Core/Src/usart.c ****   if (HAL_UART_Init(&huart2) != HAL_OK)
  73              		.loc 1 51 3 is_stmt 1 view .LVU21
  74              		.loc 1 51 7 is_stmt 0 view .LVU22
  75 0022 FFF7FEFF 		bl	HAL_UART_Init
  76              	.LVL0:
  77              		.loc 1 51 6 view .LVU23
  78 0026 00B9     		cbnz	r0, .L4
  79              	.L1:
  52:Core/Src/usart.c ****   {
  53:Core/Src/usart.c ****     Error_Handler();
  54:Core/Src/usart.c ****   }
  55:Core/Src/usart.c ****   /* USER CODE BEGIN USART2_Init 2 */
  56:Core/Src/usart.c **** 
  57:Core/Src/usart.c ****   /* USER CODE END USART2_Init 2 */
  58:Core/Src/usart.c **** 
  59:Core/Src/usart.c **** }
  80              		.loc 1 59 1 view .LVU24
  81 0028 08BD     		pop	{r3, pc}
  82              	.L4:
  53:Core/Src/usart.c ****   }
  83              		.loc 1 53 5 is_stmt 1 view .LVU25
  84 002a FFF7FEFF 		bl	Error_Handler
  85              	.LVL1:
  86              		.loc 1 59 1 is_stmt 0 view .LVU26
  87 002e FBE7     		b	.L1
  88              	.L6:
  89              		.align	2
  90              	.L5:
  91 0030 00000000 		.word	.LANCHOR0
  92 0034 00440040 		.word	1073759232
  93              		.cfi_endproc
  94              	.LFE317:
  96              		.section	.text.HAL_UART_MspInit,"ax",%progbits
  97              		.align	1
  98              		.global	HAL_UART_MspInit
  99              		.syntax unified
 100              		.thumb
 101              		.thumb_func
 102              		.fpu fpv4-sp-d16
 104              	HAL_UART_MspInit:
 105              	.LVL2:
 106              	.LFB318:
  60:Core/Src/usart.c **** 
  61:Core/Src/usart.c **** void HAL_UART_MspInit(UART_HandleTypeDef* uartHandle)
  62:Core/Src/usart.c **** {
 107              		.loc 1 62 1 is_stmt 1 view -0
 108              		.cfi_startproc
 109              		@ args = 0, pretend = 0, frame = 168
 110              		@ frame_needed = 0, uses_anonymous_args = 0
 111              		.loc 1 62 1 is_stmt 0 view .LVU28
ARM GAS  /tmp/cc6Umf5H.s 			page 4


 112 0000 10B5     		push	{r4, lr}
 113              	.LCFI1:
 114              		.cfi_def_cfa_offset 8
 115              		.cfi_offset 4, -8
 116              		.cfi_offset 14, -4
 117 0002 AAB0     		sub	sp, sp, #168
 118              	.LCFI2:
 119              		.cfi_def_cfa_offset 176
 120 0004 0446     		mov	r4, r0
  63:Core/Src/usart.c **** 
  64:Core/Src/usart.c ****   GPIO_InitTypeDef GPIO_InitStruct = {0};
 121              		.loc 1 64 3 is_stmt 1 view .LVU29
 122              		.loc 1 64 20 is_stmt 0 view .LVU30
 123 0006 0021     		movs	r1, #0
 124 0008 2591     		str	r1, [sp, #148]
 125 000a 2691     		str	r1, [sp, #152]
 126 000c 2791     		str	r1, [sp, #156]
 127 000e 2891     		str	r1, [sp, #160]
 128 0010 2991     		str	r1, [sp, #164]
  65:Core/Src/usart.c ****   RCC_PeriphCLKInitTypeDef PeriphClkInit = {0};
 129              		.loc 1 65 3 is_stmt 1 view .LVU31
 130              		.loc 1 65 28 is_stmt 0 view .LVU32
 131 0012 8822     		movs	r2, #136
 132 0014 03A8     		add	r0, sp, #12
 133              	.LVL3:
 134              		.loc 1 65 28 view .LVU33
 135 0016 FFF7FEFF 		bl	memset
 136              	.LVL4:
  66:Core/Src/usart.c ****   if(uartHandle->Instance==USART2)
 137              		.loc 1 66 3 is_stmt 1 view .LVU34
 138              		.loc 1 66 16 is_stmt 0 view .LVU35
 139 001a 2268     		ldr	r2, [r4]
 140              		.loc 1 66 5 view .LVU36
 141 001c 1C4B     		ldr	r3, .L13
 142 001e 9A42     		cmp	r2, r3
 143 0020 01D0     		beq	.L11
 144              	.LVL5:
 145              	.L7:
  67:Core/Src/usart.c ****   {
  68:Core/Src/usart.c ****   /* USER CODE BEGIN USART2_MspInit 0 */
  69:Core/Src/usart.c **** 
  70:Core/Src/usart.c ****   /* USER CODE END USART2_MspInit 0 */
  71:Core/Src/usart.c **** 
  72:Core/Src/usart.c ****   /** Initializes the peripherals clock
  73:Core/Src/usart.c ****   */
  74:Core/Src/usart.c ****     PeriphClkInit.PeriphClockSelection = RCC_PERIPHCLK_USART2;
  75:Core/Src/usart.c ****     PeriphClkInit.Usart2ClockSelection = RCC_USART2CLKSOURCE_PCLK1;
  76:Core/Src/usart.c ****     if (HAL_RCCEx_PeriphCLKConfig(&PeriphClkInit) != HAL_OK)
  77:Core/Src/usart.c ****     {
  78:Core/Src/usart.c ****       Error_Handler();
  79:Core/Src/usart.c ****     }
  80:Core/Src/usart.c **** 
  81:Core/Src/usart.c ****     /* USART2 clock enable */
  82:Core/Src/usart.c ****     __HAL_RCC_USART2_CLK_ENABLE();
  83:Core/Src/usart.c **** 
  84:Core/Src/usart.c ****     __HAL_RCC_GPIOA_CLK_ENABLE();
  85:Core/Src/usart.c ****     /**USART2 GPIO Configuration
ARM GAS  /tmp/cc6Umf5H.s 			page 5


  86:Core/Src/usart.c ****     PA2     ------> USART2_TX
  87:Core/Src/usart.c ****     PA3     ------> USART2_RX
  88:Core/Src/usart.c ****     */
  89:Core/Src/usart.c ****     GPIO_InitStruct.Pin = USART_TX_Pin|USART_RX_Pin;
  90:Core/Src/usart.c ****     GPIO_InitStruct.Mode = GPIO_MODE_AF_PP;
  91:Core/Src/usart.c ****     GPIO_InitStruct.Pull = GPIO_NOPULL;
  92:Core/Src/usart.c ****     GPIO_InitStruct.Speed = GPIO_SPEED_FREQ_VERY_HIGH;
  93:Core/Src/usart.c ****     GPIO_InitStruct.Alternate = GPIO_AF7_USART2;
  94:Core/Src/usart.c ****     HAL_GPIO_Init(GPIOA, &GPIO_InitStruct);
  95:Core/Src/usart.c **** 
  96:Core/Src/usart.c ****     /* USART2 interrupt Init */
  97:Core/Src/usart.c ****     HAL_NVIC_SetPriority(USART2_IRQn, 0, 0);
  98:Core/Src/usart.c ****     HAL_NVIC_EnableIRQ(USART2_IRQn);
  99:Core/Src/usart.c ****   /* USER CODE BEGIN USART2_MspInit 1 */
 100:Core/Src/usart.c **** 
 101:Core/Src/usart.c ****   /* USER CODE END USART2_MspInit 1 */
 102:Core/Src/usart.c ****   }
 103:Core/Src/usart.c **** }
 146              		.loc 1 103 1 view .LVU37
 147 0022 2AB0     		add	sp, sp, #168
 148              	.LCFI3:
 149              		.cfi_remember_state
 150              		.cfi_def_cfa_offset 8
 151              		@ sp needed
 152 0024 10BD     		pop	{r4, pc}
 153              	.LVL6:
 154              	.L11:
 155              	.LCFI4:
 156              		.cfi_restore_state
  74:Core/Src/usart.c ****     PeriphClkInit.Usart2ClockSelection = RCC_USART2CLKSOURCE_PCLK1;
 157              		.loc 1 74 5 is_stmt 1 view .LVU38
  74:Core/Src/usart.c ****     PeriphClkInit.Usart2ClockSelection = RCC_USART2CLKSOURCE_PCLK1;
 158              		.loc 1 74 40 is_stmt 0 view .LVU39
 159 0026 0223     		movs	r3, #2
 160 0028 0393     		str	r3, [sp, #12]
  75:Core/Src/usart.c ****     if (HAL_RCCEx_PeriphCLKConfig(&PeriphClkInit) != HAL_OK)
 161              		.loc 1 75 5 is_stmt 1 view .LVU40
  76:Core/Src/usart.c ****     {
 162              		.loc 1 76 5 view .LVU41
  76:Core/Src/usart.c ****     {
 163              		.loc 1 76 9 is_stmt 0 view .LVU42
 164 002a 03A8     		add	r0, sp, #12
 165 002c FFF7FEFF 		bl	HAL_RCCEx_PeriphCLKConfig
 166              	.LVL7:
  76:Core/Src/usart.c ****     {
 167              		.loc 1 76 8 view .LVU43
 168 0030 50BB     		cbnz	r0, .L12
 169              	.L9:
  82:Core/Src/usart.c **** 
 170              		.loc 1 82 5 is_stmt 1 view .LVU44
 171              	.LBB2:
  82:Core/Src/usart.c **** 
 172              		.loc 1 82 5 view .LVU45
  82:Core/Src/usart.c **** 
 173              		.loc 1 82 5 view .LVU46
 174 0032 184B     		ldr	r3, .L13+4
 175 0034 9A6D     		ldr	r2, [r3, #88]
ARM GAS  /tmp/cc6Umf5H.s 			page 6


 176 0036 42F40032 		orr	r2, r2, #131072
 177 003a 9A65     		str	r2, [r3, #88]
  82:Core/Src/usart.c **** 
 178              		.loc 1 82 5 view .LVU47
 179 003c 9A6D     		ldr	r2, [r3, #88]
 180 003e 02F40032 		and	r2, r2, #131072
 181 0042 0192     		str	r2, [sp, #4]
  82:Core/Src/usart.c **** 
 182              		.loc 1 82 5 view .LVU48
 183 0044 019A     		ldr	r2, [sp, #4]
 184              	.LBE2:
  82:Core/Src/usart.c **** 
 185              		.loc 1 82 5 view .LVU49
  84:Core/Src/usart.c ****     /**USART2 GPIO Configuration
 186              		.loc 1 84 5 view .LVU50
 187              	.LBB3:
  84:Core/Src/usart.c ****     /**USART2 GPIO Configuration
 188              		.loc 1 84 5 view .LVU51
  84:Core/Src/usart.c ****     /**USART2 GPIO Configuration
 189              		.loc 1 84 5 view .LVU52
 190 0046 DA6C     		ldr	r2, [r3, #76]
 191 0048 42F00102 		orr	r2, r2, #1
 192 004c DA64     		str	r2, [r3, #76]
  84:Core/Src/usart.c ****     /**USART2 GPIO Configuration
 193              		.loc 1 84 5 view .LVU53
 194 004e DB6C     		ldr	r3, [r3, #76]
 195 0050 03F00103 		and	r3, r3, #1
 196 0054 0293     		str	r3, [sp, #8]
  84:Core/Src/usart.c ****     /**USART2 GPIO Configuration
 197              		.loc 1 84 5 view .LVU54
 198 0056 029B     		ldr	r3, [sp, #8]
 199              	.LBE3:
  84:Core/Src/usart.c ****     /**USART2 GPIO Configuration
 200              		.loc 1 84 5 view .LVU55
  89:Core/Src/usart.c ****     GPIO_InitStruct.Mode = GPIO_MODE_AF_PP;
 201              		.loc 1 89 5 view .LVU56
  89:Core/Src/usart.c ****     GPIO_InitStruct.Mode = GPIO_MODE_AF_PP;
 202              		.loc 1 89 25 is_stmt 0 view .LVU57
 203 0058 0C23     		movs	r3, #12
 204 005a 2593     		str	r3, [sp, #148]
  90:Core/Src/usart.c ****     GPIO_InitStruct.Pull = GPIO_NOPULL;
 205              		.loc 1 90 5 is_stmt 1 view .LVU58
  90:Core/Src/usart.c ****     GPIO_InitStruct.Pull = GPIO_NOPULL;
 206              		.loc 1 90 26 is_stmt 0 view .LVU59
 207 005c 0223     		movs	r3, #2
 208 005e 2693     		str	r3, [sp, #152]
  91:Core/Src/usart.c ****     GPIO_InitStruct.Speed = GPIO_SPEED_FREQ_VERY_HIGH;
 209              		.loc 1 91 5 is_stmt 1 view .LVU60
  91:Core/Src/usart.c ****     GPIO_InitStruct.Speed = GPIO_SPEED_FREQ_VERY_HIGH;
 210              		.loc 1 91 26 is_stmt 0 view .LVU61
 211 0060 0024     		movs	r4, #0
 212              	.LVL8:
  91:Core/Src/usart.c ****     GPIO_InitStruct.Speed = GPIO_SPEED_FREQ_VERY_HIGH;
 213              		.loc 1 91 26 view .LVU62
 214 0062 2794     		str	r4, [sp, #156]
  92:Core/Src/usart.c ****     GPIO_InitStruct.Alternate = GPIO_AF7_USART2;
 215              		.loc 1 92 5 is_stmt 1 view .LVU63
ARM GAS  /tmp/cc6Umf5H.s 			page 7


  92:Core/Src/usart.c ****     GPIO_InitStruct.Alternate = GPIO_AF7_USART2;
 216              		.loc 1 92 27 is_stmt 0 view .LVU64
 217 0064 0323     		movs	r3, #3
 218 0066 2893     		str	r3, [sp, #160]
  93:Core/Src/usart.c ****     HAL_GPIO_Init(GPIOA, &GPIO_InitStruct);
 219              		.loc 1 93 5 is_stmt 1 view .LVU65
  93:Core/Src/usart.c ****     HAL_GPIO_Init(GPIOA, &GPIO_InitStruct);
 220              		.loc 1 93 31 is_stmt 0 view .LVU66
 221 0068 0723     		movs	r3, #7
 222 006a 2993     		str	r3, [sp, #164]
  94:Core/Src/usart.c **** 
 223              		.loc 1 94 5 is_stmt 1 view .LVU67
 224 006c 25A9     		add	r1, sp, #148
 225 006e 4FF09040 		mov	r0, #1207959552
 226 0072 FFF7FEFF 		bl	HAL_GPIO_Init
 227              	.LVL9:
  97:Core/Src/usart.c ****     HAL_NVIC_EnableIRQ(USART2_IRQn);
 228              		.loc 1 97 5 view .LVU68
 229 0076 2246     		mov	r2, r4
 230 0078 2146     		mov	r1, r4
 231 007a 2620     		movs	r0, #38
 232 007c FFF7FEFF 		bl	HAL_NVIC_SetPriority
 233              	.LVL10:
  98:Core/Src/usart.c ****   /* USER CODE BEGIN USART2_MspInit 1 */
 234              		.loc 1 98 5 view .LVU69
 235 0080 2620     		movs	r0, #38
 236 0082 FFF7FEFF 		bl	HAL_NVIC_EnableIRQ
 237              	.LVL11:
 238              		.loc 1 103 1 is_stmt 0 view .LVU70
 239 0086 CCE7     		b	.L7
 240              	.LVL12:
 241              	.L12:
  78:Core/Src/usart.c ****     }
 242              		.loc 1 78 7 is_stmt 1 view .LVU71
 243 0088 FFF7FEFF 		bl	Error_Handler
 244              	.LVL13:
 245 008c D1E7     		b	.L9
 246              	.L14:
 247 008e 00BF     		.align	2
 248              	.L13:
 249 0090 00440040 		.word	1073759232
 250 0094 00100240 		.word	1073876992
 251              		.cfi_endproc
 252              	.LFE318:
 254              		.section	.text.HAL_UART_MspDeInit,"ax",%progbits
 255              		.align	1
 256              		.global	HAL_UART_MspDeInit
 257              		.syntax unified
 258              		.thumb
 259              		.thumb_func
 260              		.fpu fpv4-sp-d16
 262              	HAL_UART_MspDeInit:
 263              	.LVL14:
 264              	.LFB319:
 104:Core/Src/usart.c **** 
 105:Core/Src/usart.c **** void HAL_UART_MspDeInit(UART_HandleTypeDef* uartHandle)
 106:Core/Src/usart.c **** {
ARM GAS  /tmp/cc6Umf5H.s 			page 8


 265              		.loc 1 106 1 view -0
 266              		.cfi_startproc
 267              		@ args = 0, pretend = 0, frame = 0
 268              		@ frame_needed = 0, uses_anonymous_args = 0
 269              		.loc 1 106 1 is_stmt 0 view .LVU73
 270 0000 08B5     		push	{r3, lr}
 271              	.LCFI5:
 272              		.cfi_def_cfa_offset 8
 273              		.cfi_offset 3, -8
 274              		.cfi_offset 14, -4
 107:Core/Src/usart.c **** 
 108:Core/Src/usart.c ****   if(uartHandle->Instance==USART2)
 275              		.loc 1 108 3 is_stmt 1 view .LVU74
 276              		.loc 1 108 16 is_stmt 0 view .LVU75
 277 0002 0268     		ldr	r2, [r0]
 278              		.loc 1 108 5 view .LVU76
 279 0004 084B     		ldr	r3, .L19
 280 0006 9A42     		cmp	r2, r3
 281 0008 00D0     		beq	.L18
 282              	.LVL15:
 283              	.L15:
 109:Core/Src/usart.c ****   {
 110:Core/Src/usart.c ****   /* USER CODE BEGIN USART2_MspDeInit 0 */
 111:Core/Src/usart.c **** 
 112:Core/Src/usart.c ****   /* USER CODE END USART2_MspDeInit 0 */
 113:Core/Src/usart.c ****     /* Peripheral clock disable */
 114:Core/Src/usart.c ****     __HAL_RCC_USART2_CLK_DISABLE();
 115:Core/Src/usart.c **** 
 116:Core/Src/usart.c ****     /**USART2 GPIO Configuration
 117:Core/Src/usart.c ****     PA2     ------> USART2_TX
 118:Core/Src/usart.c ****     PA3     ------> USART2_RX
 119:Core/Src/usart.c ****     */
 120:Core/Src/usart.c ****     HAL_GPIO_DeInit(GPIOA, USART_TX_Pin|USART_RX_Pin);
 121:Core/Src/usart.c **** 
 122:Core/Src/usart.c ****     /* USART2 interrupt Deinit */
 123:Core/Src/usart.c ****     HAL_NVIC_DisableIRQ(USART2_IRQn);
 124:Core/Src/usart.c ****   /* USER CODE BEGIN USART2_MspDeInit 1 */
 125:Core/Src/usart.c **** 
 126:Core/Src/usart.c ****   /* USER CODE END USART2_MspDeInit 1 */
 127:Core/Src/usart.c ****   }
 128:Core/Src/usart.c **** }
 284              		.loc 1 128 1 view .LVU77
 285 000a 08BD     		pop	{r3, pc}
 286              	.LVL16:
 287              	.L18:
 114:Core/Src/usart.c **** 
 288              		.loc 1 114 5 is_stmt 1 view .LVU78
 289 000c 074A     		ldr	r2, .L19+4
 290 000e 936D     		ldr	r3, [r2, #88]
 291 0010 23F40033 		bic	r3, r3, #131072
 292 0014 9365     		str	r3, [r2, #88]
 120:Core/Src/usart.c **** 
 293              		.loc 1 120 5 view .LVU79
 294 0016 0C21     		movs	r1, #12
 295 0018 4FF09040 		mov	r0, #1207959552
 296              	.LVL17:
 120:Core/Src/usart.c **** 
ARM GAS  /tmp/cc6Umf5H.s 			page 9


 297              		.loc 1 120 5 is_stmt 0 view .LVU80
 298 001c FFF7FEFF 		bl	HAL_GPIO_DeInit
 299              	.LVL18:
 123:Core/Src/usart.c ****   /* USER CODE BEGIN USART2_MspDeInit 1 */
 300              		.loc 1 123 5 is_stmt 1 view .LVU81
 301 0020 2620     		movs	r0, #38
 302 0022 FFF7FEFF 		bl	HAL_NVIC_DisableIRQ
 303              	.LVL19:
 304              		.loc 1 128 1 is_stmt 0 view .LVU82
 305 0026 F0E7     		b	.L15
 306              	.L20:
 307              		.align	2
 308              	.L19:
 309 0028 00440040 		.word	1073759232
 310 002c 00100240 		.word	1073876992
 311              		.cfi_endproc
 312              	.LFE319:
 314              		.global	huart2
 315              		.section	.bss.huart2,"aw",%nobits
 316              		.align	2
 317              		.set	.LANCHOR0,. + 0
 320              	huart2:
 321 0000 00000000 		.space	132
 321      00000000 
 321      00000000 
 321      00000000 
 321      00000000 
 322              		.text
 323              	.Letext0:
 324              		.file 2 "Drivers/CMSIS/Device/ST/STM32L4xx/Include/stm32l476xx.h"
 325              		.file 3 "/usr/arm-none-eabi/include/machine/_default_types.h"
 326              		.file 4 "/usr/arm-none-eabi/include/sys/_stdint.h"
 327              		.file 5 "Drivers/STM32L4xx_HAL_Driver/Inc/stm32l4xx_hal_def.h"
 328              		.file 6 "Drivers/STM32L4xx_HAL_Driver/Inc/stm32l4xx_hal_rcc_ex.h"
 329              		.file 7 "Drivers/STM32L4xx_HAL_Driver/Inc/stm32l4xx_hal_gpio.h"
 330              		.file 8 "Drivers/STM32L4xx_HAL_Driver/Inc/stm32l4xx_hal_dma.h"
 331              		.file 9 "Drivers/STM32L4xx_HAL_Driver/Inc/stm32l4xx_hal_uart.h"
 332              		.file 10 "Drivers/STM32L4xx_HAL_Driver/Inc/stm32l4xx_hal_cortex.h"
 333              		.file 11 "Core/Inc/usart.h"
 334              		.file 12 "Core/Inc/main.h"
 335              		.file 13 "<built-in>"
ARM GAS  /tmp/cc6Umf5H.s 			page 10


DEFINED SYMBOLS
                            *ABS*:0000000000000000 usart.c
     /tmp/cc6Umf5H.s:18     .text.MX_USART2_UART_Init:0000000000000000 $t
     /tmp/cc6Umf5H.s:26     .text.MX_USART2_UART_Init:0000000000000000 MX_USART2_UART_Init
     /tmp/cc6Umf5H.s:91     .text.MX_USART2_UART_Init:0000000000000030 $d
     /tmp/cc6Umf5H.s:97     .text.HAL_UART_MspInit:0000000000000000 $t
     /tmp/cc6Umf5H.s:104    .text.HAL_UART_MspInit:0000000000000000 HAL_UART_MspInit
     /tmp/cc6Umf5H.s:249    .text.HAL_UART_MspInit:0000000000000090 $d
     /tmp/cc6Umf5H.s:255    .text.HAL_UART_MspDeInit:0000000000000000 $t
     /tmp/cc6Umf5H.s:262    .text.HAL_UART_MspDeInit:0000000000000000 HAL_UART_MspDeInit
     /tmp/cc6Umf5H.s:309    .text.HAL_UART_MspDeInit:0000000000000028 $d
     /tmp/cc6Umf5H.s:320    .bss.huart2:0000000000000000 huart2
     /tmp/cc6Umf5H.s:316    .bss.huart2:0000000000000000 $d

UNDEFINED SYMBOLS
HAL_UART_Init
Error_Handler
memset
HAL_RCCEx_PeriphCLKConfig
HAL_GPIO_Init
HAL_NVIC_SetPriority
HAL_NVIC_EnableIRQ
HAL_GPIO_DeInit
HAL_NVIC_DisableIRQ
